2024-07-02 21:32:20,876 [FATAL] this is an emerge msg
2024-07-02 21:32:20,876 [FATAL] this is a fatal msg
2024-07-02 21:32:20,884 [ALERT] this is an alert msg
2024-07-02 21:32:20,884 [CRIT] this is a crit msg
2024-07-02 21:32:20,884 [ERROR] this is an error msg
2024-07-02 21:32:20,884 [FATAL] this is an emerge msg
2024-07-02 21:32:20,884 [FATAL] this is a fatal msg
2024-07-02 21:32:20,884 [ALERT] this is an alert msg
2024-07-02 21:32:20,884 [CRIT] this is a crit msg
2024-07-02 21:32:20,885 [ERROR] this is an error msg
2024-07-02 21:32:20,885 [FATAL] this is an emerge msg
2024-07-02 21:32:20,885 [FATAL] this is a fatal msg
2024-07-02 21:32:20,885 [ALERT] this is an alert msg
2024-07-02 21:32:20,885 [CRIT] this is a crit msg
2024-07-02 21:32:20,885 [ERROR] this is an error msg
2024-07-02 21:32:20,885 [FATAL] this is an emerge msg
2024-07-02 21:32:20,885 [FATAL] this is a fatal msg
2024-07-02 21:32:20,885 [ALERT] this is an alert msg
2024-07-02 21:32:20,885 [CRIT] this is a crit msg
2024-07-02 21:32:20,885 [ERROR] this is an error msg
2024-07-02 21:32:20,885 [FATAL] this is an emerge msg
2024-07-02 21:32:20,885 [FATAL] this is a fatal msg
2024-07-02 21:32:20,886 [ALERT] this is an alert msg
2024-07-02 21:32:20,886 [CRIT] this is a crit msg
2024-07-02 21:32:20,886 [ERROR] this is an error msg
2024-07-02 21:32:20,886 [FATAL] this is an emerge msg
2024-07-02 21:32:20,886 [FATAL] this is a fatal msg
2024-07-02 21:32:20,886 [ALERT] this is an alert msg
2024-07-02 21:32:20,886 [CRIT] this is a crit msg
2024-07-02 21:32:20,886 [ERROR] this is an error msg
2024-07-02 21:32:20,886 [FATAL] this is an emerge msg
2024-07-02 21:32:20,886 [FATAL] this is a fatal msg
2024-07-02 21:32:20,886 [ALERT] this is an alert msg
2024-07-02 21:32:20,886 [CRIT] this is a crit msg
2024-07-02 21:32:20,887 [ERROR] this is an error msg
2024-07-02 21:32:20,887 [FATAL] this is an emerge msg
2024-07-02 21:32:20,887 [FATAL] this is a fatal msg
2024-07-02 21:32:20,887 [ALERT] this is an alert msg
2024-07-02 21:32:20,887 [CRIT] this is a crit msg
2024-07-02 21:32:20,887 [ERROR] this is an error msg
2024-07-02 21:32:20,887 [FATAL] this is an emerge msg
2024-07-02 21:32:20,887 [FATAL] this is a fatal msg
2024-07-02 21:32:20,887 [ALERT] this is an alert msg
2024-07-02 21:32:20,887 [CRIT] this is a crit msg
2024-07-02 21:32:20,888 [ERROR] this is an error msg
2024-07-02 21:32:20,888 [FATAL] this is an emerge msg
2024-07-02 21:32:20,888 [FATAL] this is a fatal msg
2024-07-02 21:32:20,888 [ALERT] this is an alert msg
2024-07-02 21:32:20,888 [CRIT] this is a crit msg
2024-07-02 21:32:20,888 [ERROR] this is an error msg
2024-07-02 21:32:20,888 [FATAL] this is an emerge msg
2024-07-02 21:32:20,888 [FATAL] this is a fatal msg
2024-07-02 21:32:20,889 [ALERT] this is an alert msg
2024-07-02 21:32:20,889 [CRIT] this is a crit msg
2024-07-02 21:32:20,889 [ERROR] this is an error msg
2024-07-02 21:32:20,889 [FATAL] this is an emerge msg
2024-07-02 21:32:20,889 [FATAL] this is a fatal msg
2024-07-02 21:32:20,889 [ALERT] this is an alert msg
2024-07-02 21:32:20,889 [CRIT] this is a crit msg
2024-07-02 21:32:20,889 [ERROR] this is an error msg
2024-07-02 21:32:20,890 [FATAL] this is an emerge msg
2024-07-02 21:32:20,890 [FATAL] this is a fatal msg
2024-07-02 21:32:20,890 [ALERT] this is an alert msg
2024-07-02 21:32:20,890 [CRIT] this is a crit msg
2024-07-02 21:32:20,890 [ERROR] this is an error msg
2024-07-02 21:32:20,890 [FATAL] this is an emerge msg
2024-07-02 21:32:20,890 [FATAL] this is a fatal msg
2024-07-02 21:32:20,890 [ALERT] this is an alert msg
2024-07-02 21:32:20,890 [CRIT] this is a crit msg
2024-07-02 21:32:20,890 [ERROR] this is an error msg
2024-07-02 21:32:20,891 [FATAL] this is an emerge msg
2024-07-02 21:32:20,891 [FATAL] this is a fatal msg
2024-07-02 21:32:20,891 [ALERT] this is an alert msg
2024-07-02 21:32:20,891 [CRIT] this is a crit msg
2024-07-02 21:32:20,891 [ERROR] this is an error msg
2024-07-02 21:32:20,891 [FATAL] this is an emerge msg
2024-07-02 21:32:20,891 [FATAL] this is a fatal msg
2024-07-02 21:32:20,891 [ALERT] this is an alert msg
2024-07-02 21:32:20,891 [CRIT] this is a crit msg
2024-07-02 21:32:20,891 [ERROR] this is an error msg
2024-07-02 21:32:20,891 [FATAL] this is an emerge msg
2024-07-02 21:32:20,891 [FATAL] this is a fatal msg
2024-07-02 21:32:20,892 [ALERT] this is an alert msg
2024-07-02 21:32:20,892 [CRIT] this is a crit msg
2024-07-02 21:32:20,892 [ERROR] this is an error msg
2024-07-02 21:32:20,892 [FATAL] this is an emerge msg
2024-07-02 21:32:20,892 [FATAL] this is a fatal msg
2024-07-02 21:32:20,892 [ALERT] this is an alert msg
2024-07-02 21:32:20,892 [CRIT] this is a crit msg
2024-07-02 21:32:20,892 [ERROR] this is an error msg
2024-07-02 21:32:20,893 [FATAL] this is an emerge msg
2024-07-02 21:32:20,893 [FATAL] this is a fatal msg
2024-07-02 21:32:20,893 [ALERT] this is an alert msg
2024-07-02 21:32:20,893 [CRIT] this is a crit msg
2024-07-02 21:32:20,893 [ERROR] this is an error msg
2024-07-02 21:32:20,893 [FATAL] this is an emerge msg
2024-07-02 21:32:20,893 [FATAL] this is a fatal msg
2024-07-02 21:32:20,893 [ALERT] this is an alert msg
2024-07-02 21:32:20,893 [CRIT] this is a crit msg
2024-07-02 21:32:20,893 [ERROR] this is an error msg
2024-07-02 21:32:20,893 [FATAL] this is an emerge msg
2024-07-02 21:32:20,893 [FATAL] this is a fatal msg
2024-07-02 21:32:20,894 [ALERT] this is an alert msg
2024-07-02 21:32:20,894 [CRIT] this is a crit msg
2024-07-02 21:32:20,894 [ERROR] this is an error msg
2024-07-02 21:32:20,894 [FATAL] this is an emerge msg
2024-07-02 21:32:20,894 [FATAL] this is a fatal msg
2024-07-02 21:32:20,894 [ALERT] this is an alert msg
2024-07-02 21:32:20,895 [CRIT] this is a crit msg
2024-07-02 21:32:20,895 [ERROR] this is an error msg
2024-07-02 21:32:20,895 [FATAL] this is an emerge msg
2024-07-02 21:32:20,895 [FATAL] this is a fatal msg
2024-07-02 21:32:20,895 [ALERT] this is an alert msg
2024-07-02 21:32:20,895 [CRIT] this is a crit msg
2024-07-02 21:32:20,895 [ERROR] this is an error msg
2024-07-02 21:32:20,895 [FATAL] this is an emerge msg
2024-07-02 21:32:20,895 [FATAL] this is a fatal msg
2024-07-02 21:32:20,895 [ALERT] this is an alert msg
2024-07-02 21:32:20,896 [CRIT] this is a crit msg
2024-07-02 21:32:20,896 [ERROR] this is an error msg
2024-07-02 21:32:20,896 [FATAL] this is an emerge msg
2024-07-02 21:32:20,896 [FATAL] this is a fatal msg
2024-07-02 21:32:20,896 [ALERT] this is an alert msg
2024-07-02 21:32:20,896 [CRIT] this is a crit msg
2024-07-02 21:32:20,896 [ERROR] this is an error msg
2024-07-02 21:32:20,896 [FATAL] this is an emerge msg
2024-07-02 21:32:20,896 [FATAL] this is a fatal msg
2024-07-02 21:32:20,896 [ALERT] this is an alert msg
2024-07-02 21:32:20,896 [CRIT] this is a crit msg
2024-07-02 21:32:20,896 [ERROR] this is an error msg
2024-07-02 21:32:20,897 [FATAL] this is an emerge msg
2024-07-02 21:32:20,897 [FATAL] this is a fatal msg
2024-07-02 21:32:20,897 [ALERT] this is an alert msg
2024-07-02 21:32:20,897 [CRIT] this is a crit msg
2024-07-02 21:32:20,897 [ERROR] this is an error msg
2024-07-02 21:32:20,897 [FATAL] this is an emerge msg
2024-07-02 21:32:20,897 [FATAL] this is a fatal msg
2024-07-02 21:32:20,897 [ALERT] this is an alert msg
2024-07-02 21:32:20,897 [CRIT] this is a crit msg
2024-07-02 21:32:20,897 [ERROR] this is an error msg
2024-07-02 21:32:20,898 [FATAL] this is an emerge msg
2024-07-02 21:32:20,898 [FATAL] this is a fatal msg
2024-07-02 21:32:20,898 [ALERT] this is an alert msg
2024-07-02 21:32:20,898 [CRIT] this is a crit msg
2024-07-02 21:32:20,898 [ERROR] this is an error msg
2024-07-02 21:32:20,898 [FATAL] this is an emerge msg
2024-07-02 21:32:20,898 [FATAL] this is a fatal msg
2024-07-02 21:32:20,898 [ALERT] this is an alert msg
2024-07-02 21:32:20,898 [CRIT] this is a crit msg
2024-07-02 21:32:20,898 [ERROR] this is an error msg
2024-07-02 21:32:20,898 [FATAL] this is an emerge msg
2024-07-02 21:32:20,899 [FATAL] this is a fatal msg
2024-07-02 21:32:20,899 [ALERT] this is an alert msg
2024-07-02 21:32:20,899 [CRIT] this is a crit msg
2024-07-02 21:32:20,899 [ERROR] this is an error msg
2024-07-02 21:32:20,899 [FATAL] this is an emerge msg
2024-07-02 21:32:20,899 [FATAL] this is a fatal msg
2024-07-02 21:32:20,899 [ALERT] this is an alert msg
2024-07-02 21:32:20,899 [CRIT] this is a crit msg
2024-07-02 21:32:20,899 [ERROR] this is an error msg
2024-07-02 21:32:20,899 [FATAL] this is an emerge msg
2024-07-02 21:32:20,899 [FATAL] this is a fatal msg
2024-07-02 21:32:20,900 [ALERT] this is an alert msg
2024-07-02 21:32:20,900 [CRIT] this is a crit msg
2024-07-02 21:32:20,900 [ERROR] this is an error msg
2024-07-02 21:32:20,900 [FATAL] this is an emerge msg
2024-07-02 21:32:20,900 [FATAL] this is a fatal msg
2024-07-02 21:32:20,900 [ALERT] this is an alert msg
2024-07-02 21:32:20,901 [CRIT] this is a crit msg
2024-07-02 21:32:20,901 [ERROR] this is an error msg
2024-07-02 21:32:20,901 [FATAL] this is an emerge msg
2024-07-02 21:32:20,901 [FATAL] this is a fatal msg
2024-07-02 21:32:20,901 [ALERT] this is an alert msg
2024-07-02 21:32:20,901 [CRIT] this is a crit msg
2024-07-02 21:32:20,902 [ERROR] this is an error msg
2024-07-02 21:32:20,902 [FATAL] this is an emerge msg
2024-07-02 21:32:20,902 [FATAL] this is a fatal msg
2024-07-02 21:32:20,902 [ALERT] this is an alert msg
2024-07-02 21:32:20,902 [CRIT] this is a crit msg
2024-07-02 21:32:20,902 [ERROR] this is an error msg
2024-07-02 21:32:20,902 [FATAL] this is an emerge msg
2024-07-02 21:32:20,903 [FATAL] this is a fatal msg
2024-07-02 21:32:20,903 [ALERT] this is an alert msg
2024-07-02 21:32:20,903 [CRIT] this is a crit msg
2024-07-02 21:32:20,903 [ERROR] this is an error msg
2024-07-02 21:32:20,903 [FATAL] this is an emerge msg
2024-07-02 21:32:20,903 [FATAL] this is a fatal msg
2024-07-02 21:32:20,903 [ALERT] this is an alert msg
2024-07-02 21:32:20,903 [CRIT] this is a crit msg
2024-07-02 21:32:20,903 [ERROR] this is an error msg
2024-07-02 21:32:20,904 [FATAL] this is an emerge msg
2024-07-02 21:32:20,904 [FATAL] this is a fatal msg
2024-07-02 21:32:20,904 [ALERT] this is an alert msg
2024-07-02 21:32:20,904 [CRIT] this is a crit msg
2024-07-02 21:32:20,904 [ERROR] this is an error msg
2024-07-02 21:32:20,904 [FATAL] this is an emerge msg
2024-07-02 21:32:20,904 [FATAL] this is a fatal msg
2024-07-02 21:32:20,904 [ALERT] this is an alert msg
2024-07-02 21:32:20,905 [CRIT] this is a crit msg
2024-07-02 21:32:20,905 [ERROR] this is an error msg
2024-07-02 21:32:20,905 [FATAL] this is an emerge msg
2024-07-02 21:32:20,905 [FATAL] this is a fatal msg
2024-07-02 21:32:20,905 [ALERT] this is an alert msg
2024-07-02 21:32:20,905 [CRIT] this is a crit msg
2024-07-02 21:32:20,905 [ERROR] this is an error msg
2024-07-02 21:32:20,905 [FATAL] this is an emerge msg
2024-07-02 21:32:20,906 [FATAL] this is a fatal msg
2024-07-02 21:32:20,906 [ALERT] this is an alert msg
2024-07-02 21:32:20,906 [CRIT] this is a crit msg
2024-07-02 21:32:20,906 [ERROR] this is an error msg
2024-07-02 21:32:20,906 [FATAL] this is an emerge msg
2024-07-02 21:32:20,906 [FATAL] this is a fatal msg
2024-07-02 21:32:20,906 [ALERT] this is an alert msg
2024-07-02 21:32:20,907 [CRIT] this is a crit msg
2024-07-02 21:32:20,907 [ERROR] this is an error msg
2024-07-02 21:32:20,907 [FATAL] this is an emerge msg
2024-07-02 21:32:20,907 [FATAL] this is a fatal msg
2024-07-02 21:32:20,907 [ALERT] this is an alert msg
2024-07-02 21:32:20,907 [CRIT] this is a crit msg
2024-07-02 21:32:20,907 [ERROR] this is an error msg
2024-07-02 21:32:20,908 [FATAL] this is an emerge msg
2024-07-02 21:32:20,908 [FATAL] this is a fatal msg
2024-07-02 21:32:20,908 [ALERT] this is an alert msg
2024-07-02 21:32:20,908 [CRIT] this is a crit msg
2024-07-02 21:32:20,908 [ERROR] this is an error msg
2024-07-02 21:32:20,908 [FATAL] this is an emerge msg
2024-07-02 21:32:20,908 [FATAL] this is a fatal msg
2024-07-02 21:32:20,908 [ALERT] this is an alert msg
2024-07-02 21:32:20,908 [CRIT] this is a crit msg
2024-07-02 21:32:20,909 [ERROR] this is an error msg
2024-07-02 21:32:20,909 [FATAL] this is an emerge msg
2024-07-02 21:32:20,909 [FATAL] this is a fatal msg
2024-07-02 21:32:20,909 [ALERT] this is an alert msg
2024-07-02 21:32:20,909 [CRIT] this is a crit msg
2024-07-02 21:32:20,909 [ERROR] this is an error msg
2024-07-02 21:32:20,909 [FATAL] this is an emerge msg
2024-07-02 21:32:20,909 [FATAL] this is a fatal msg
2024-07-02 21:32:20,909 [ALERT] this is an alert msg
2024-07-02 21:32:20,909 [CRIT] this is a crit msg
2024-07-02 21:32:20,910 [ERROR] this is an error msg
2024-07-02 21:32:20,910 [FATAL] this is an emerge msg
2024-07-02 21:32:20,910 [FATAL] this is a fatal msg
2024-07-02 21:32:20,910 [ALERT] this is an alert msg
2024-07-02 21:32:20,910 [CRIT] this is a crit msg
2024-07-02 21:32:20,910 [ERROR] this is an error msg
2024-07-02 21:32:20,910 [FATAL] this is an emerge msg
2024-07-02 21:32:20,910 [FATAL] this is a fatal msg
2024-07-02 21:32:20,910 [ALERT] this is an alert msg
2024-07-02 21:32:20,910 [CRIT] this is a crit msg
2024-07-02 21:32:20,910 [ERROR] this is an error msg
2024-07-02 21:32:20,910 [FATAL] this is an emerge msg
2024-07-02 21:32:20,911 [FATAL] this is a fatal msg
2024-07-02 21:32:20,911 [ALERT] this is an alert msg
2024-07-02 21:32:20,911 [CRIT] this is a crit msg
2024-07-02 21:32:20,911 [ERROR] this is an error msg
2024-07-02 21:32:20,911 [FATAL] this is an emerge msg
2024-07-02 21:32:20,911 [FATAL] this is a fatal msg
2024-07-02 21:32:20,911 [ALERT] this is an alert msg
2024-07-02 21:32:20,911 [CRIT] this is a crit msg
2024-07-02 21:32:20,911 [ERROR] this is an error msg
2024-07-02 21:32:20,911 [FATAL] this is an emerge msg
2024-07-02 21:32:20,911 [FATAL] this is a fatal msg
2024-07-02 21:32:20,911 [ALERT] this is an alert msg
2024-07-02 21:32:20,911 [CRIT] this is a crit msg
2024-07-02 21:32:20,912 [ERROR] this is an error msg
2024-07-02 21:32:20,912 [FATAL] this is an emerge msg
2024-07-02 21:32:20,912 [FATAL] this is a fatal msg
2024-07-02 21:32:20,912 [ALERT] this is an alert msg
2024-07-02 21:32:20,912 [CRIT] this is a crit msg
2024-07-02 21:32:20,912 [ERROR] this is an error msg
2024-07-02 21:32:20,912 [FATAL] this is an emerge msg
2024-07-02 21:32:20,912 [FATAL] this is a fatal msg
2024-07-02 21:32:20,912 [ALERT] this is an alert msg
2024-07-02 21:32:20,912 [CRIT] this is a crit msg
2024-07-02 21:32:20,913 [ERROR] this is an error msg
2024-07-02 21:32:20,913 [FATAL] this is an emerge msg
2024-07-02 21:32:20,913 [FATAL] this is a fatal msg
2024-07-02 21:32:20,913 [ALERT] this is an alert msg
2024-07-02 21:32:20,913 [CRIT] this is a crit msg
2024-07-02 21:32:20,913 [ERROR] this is an error msg
2024-07-02 21:32:20,913 [FATAL] this is an emerge msg
2024-07-02 21:32:20,913 [FATAL] this is a fatal msg
2024-07-02 21:32:20,913 [ALERT] this is an alert msg
2024-07-02 21:32:20,913 [CRIT] this is a crit msg
2024-07-02 21:32:20,913 [ERROR] this is an error msg
2024-07-02 21:32:20,914 [FATAL] this is an emerge msg
2024-07-02 21:32:20,914 [FATAL] this is a fatal msg
2024-07-02 21:32:20,914 [ALERT] this is an alert msg
2024-07-02 21:32:20,914 [CRIT] this is a crit msg
2024-07-02 21:32:20,914 [ERROR] this is an error msg
2024-07-02 21:32:20,914 [FATAL] this is an emerge msg
2024-07-02 21:32:20,914 [FATAL] this is a fatal msg
2024-07-02 21:32:20,914 [ALERT] this is an alert msg
2024-07-02 21:32:20,914 [CRIT] this is a crit msg
2024-07-02 21:32:20,915 [ERROR] this is an error msg
2024-07-02 21:32:20,915 [FATAL] this is an emerge msg
2024-07-02 21:32:20,915 [FATAL] this is a fatal msg
2024-07-02 21:32:20,915 [ALERT] this is an alert msg
2024-07-02 21:32:20,915 [CRIT] this is a crit msg
2024-07-02 21:32:20,915 [ERROR] this is an error msg
2024-07-02 21:32:20,915 [FATAL] this is an emerge msg
2024-07-02 21:32:20,915 [FATAL] this is a fatal msg
2024-07-02 21:32:20,915 [ALERT] this is an alert msg
2024-07-02 21:32:20,915 [CRIT] this is a crit msg
2024-07-02 21:32:20,916 [ERROR] this is an error msg
2024-07-02 21:32:20,916 [FATAL] this is an emerge msg
2024-07-02 21:32:20,916 [FATAL] this is a fatal msg
2024-07-02 21:32:20,916 [ALERT] this is an alert msg
2024-07-02 21:32:20,916 [CRIT] this is a crit msg
2024-07-02 21:32:20,916 [ERROR] this is an error msg
2024-07-02 21:32:20,916 [FATAL] this is an emerge msg
2024-07-02 21:32:20,916 [FATAL] this is a fatal msg
2024-07-02 21:32:20,917 [ALERT] this is an alert msg
2024-07-02 21:32:20,917 [CRIT] this is a crit msg
2024-07-02 21:32:20,917 [ERROR] this is an error msg
2024-07-02 21:32:20,917 [FATAL] this is an emerge msg
2024-07-02 21:32:20,917 [FATAL] this is a fatal msg
2024-07-02 21:32:20,917 [ALERT] this is an alert msg
2024-07-02 21:32:20,918 [CRIT] this is a crit msg
2024-07-02 21:32:20,918 [ERROR] this is an error msg
2024-07-02 21:32:20,918 [FATAL] this is an emerge msg
2024-07-02 21:32:20,918 [FATAL] this is a fatal msg
2024-07-02 21:32:20,918 [ALERT] this is an alert msg
2024-07-02 21:32:20,918 [CRIT] this is a crit msg
2024-07-02 21:32:20,918 [ERROR] this is an error msg
2024-07-02 21:32:20,918 [FATAL] this is an emerge msg
2024-07-02 21:32:20,918 [FATAL] this is a fatal msg
2024-07-02 21:32:20,918 [ALERT] this is an alert msg
2024-07-02 21:32:20,918 [CRIT] this is a crit msg
2024-07-02 21:32:20,918 [ERROR] this is an error msg
2024-07-02 21:32:20,919 [FATAL] this is an emerge msg
2024-07-02 21:32:20,919 [FATAL] this is a fatal msg
2024-07-02 21:32:20,919 [ALERT] this is an alert msg
2024-07-02 21:32:20,919 [CRIT] this is a crit msg
2024-07-02 21:32:20,919 [ERROR] this is an error msg
2024-07-02 21:32:20,919 [FATAL] this is an emerge msg
2024-07-02 21:32:20,919 [FATAL] this is a fatal msg
2024-07-02 21:32:20,919 [ALERT] this is an alert msg
2024-07-02 21:32:20,919 [CRIT] this is a crit msg
2024-07-02 21:32:20,919 [ERROR] this is an error msg
2024-07-02 21:32:20,920 [FATAL] this is an emerge msg
2024-07-02 21:32:20,920 [FATAL] this is a fatal msg
2024-07-02 21:32:20,920 [ALERT] this is an alert msg
2024-07-02 21:32:20,920 [CRIT] this is a crit msg
2024-07-02 21:32:20,920 [ERROR] this is an error msg
2024-07-02 21:32:20,920 [FATAL] this is an emerge msg
2024-07-02 21:32:20,921 [FATAL] this is a fatal msg
2024-07-02 21:32:20,921 [ALERT] this is an alert msg
2024-07-02 21:32:20,921 [CRIT] this is a crit msg
2024-07-02 21:32:20,921 [ERROR] this is an error msg
2024-07-02 21:32:20,921 [FATAL] this is an emerge msg
2024-07-02 21:32:20,921 [FATAL] this is a fatal msg
2024-07-02 21:32:20,921 [ALERT] this is an alert msg
2024-07-02 21:32:20,921 [CRIT] this is a crit msg
2024-07-02 21:32:20,922 [ERROR] this is an error msg
2024-07-02 21:32:20,922 [FATAL] this is an emerge msg
2024-07-02 21:32:20,922 [FATAL] this is a fatal msg
2024-07-02 21:32:20,922 [ALERT] this is an alert msg
2024-07-02 21:32:20,922 [CRIT] this is a crit msg
2024-07-02 21:32:20,922 [ERROR] this is an error msg
2024-07-02 21:32:20,923 [FATAL] this is an emerge msg
2024-07-02 21:32:20,923 [FATAL] this is a fatal msg
2024-07-02 21:32:20,923 [ALERT] this is an alert msg
2024-07-02 21:32:20,923 [CRIT] this is a crit msg
2024-07-02 21:32:20,923 [ERROR] this is an error msg
2024-07-02 21:32:20,923 [FATAL] this is an emerge msg
2024-07-02 21:32:20,923 [FATAL] this is a fatal msg
2024-07-02 21:32:20,923 [ALERT] this is an alert msg
2024-07-02 21:32:20,924 [CRIT] this is a crit msg
2024-07-02 21:32:20,924 [ERROR] this is an error msg
2024-07-02 21:32:20,924 [FATAL] this is an emerge msg
2024-07-02 21:32:20,924 [FATAL] this is a fatal msg
2024-07-02 21:32:20,924 [ALERT] this is an alert msg
2024-07-02 21:32:20,924 [CRIT] this is a crit msg
2024-07-02 21:32:20,924 [ERROR] this is an error msg
2024-07-02 21:32:20,924 [FATAL] this is an emerge msg
2024-07-02 21:32:20,924 [FATAL] this is a fatal msg
2024-07-02 21:32:20,924 [ALERT] this is an alert msg
2024-07-02 21:32:20,925 [CRIT] this is a crit msg
2024-07-02 21:32:20,925 [ERROR] this is an error msg
2024-07-02 21:32:20,925 [FATAL] this is an emerge msg
2024-07-02 21:32:20,925 [FATAL] this is a fatal msg
2024-07-02 21:32:20,925 [ALERT] this is an alert msg
2024-07-02 21:32:20,925 [CRIT] this is a crit msg
2024-07-02 21:32:20,925 [ERROR] this is an error msg
2024-07-02 21:32:20,925 [FATAL] this is an emerge msg
2024-07-02 21:32:20,926 [FATAL] this is a fatal msg
2024-07-02 21:32:20,926 [ALERT] this is an alert msg
2024-07-02 21:32:20,926 [CRIT] this is a crit msg
2024-07-02 21:32:20,926 [ERROR] this is an error msg
2024-07-02 21:32:20,926 [FATAL] this is an emerge msg
2024-07-02 21:32:20,926 [FATAL] this is a fatal msg
2024-07-02 21:32:20,926 [ALERT] this is an alert msg
2024-07-02 21:32:20,926 [CRIT] this is a crit msg
2024-07-02 21:32:20,926 [ERROR] this is an error msg
2024-07-02 21:32:20,926 [FATAL] this is an emerge msg
2024-07-02 21:32:20,926 [FATAL] this is a fatal msg
2024-07-02 21:32:20,927 [ALERT] this is an alert msg
2024-07-02 21:32:20,927 [CRIT] this is a crit msg
2024-07-02 21:32:20,927 [ERROR] this is an error msg
2024-07-02 21:32:20,927 [FATAL] this is an emerge msg
2024-07-02 21:32:20,927 [FATAL] this is a fatal msg
2024-07-02 21:32:20,927 [ALERT] this is an alert msg
2024-07-02 21:32:20,927 [CRIT] this is a crit msg
2024-07-02 21:32:20,927 [ERROR] this is an error msg
2024-07-02 21:32:20,928 [FATAL] this is an emerge msg
2024-07-02 21:32:20,928 [FATAL] this is a fatal msg
2024-07-02 21:32:20,928 [ALERT] this is an alert msg
2024-07-02 21:32:20,928 [CRIT] this is a crit msg
2024-07-02 21:32:20,928 [ERROR] this is an error msg
2024-07-02 21:32:20,928 [FATAL] this is an emerge msg
2024-07-02 21:32:20,928 [FATAL] this is a fatal msg
2024-07-02 21:32:20,928 [ALERT] this is an alert msg
2024-07-02 21:32:20,928 [CRIT] this is a crit msg
2024-07-02 21:32:20,928 [ERROR] this is an error msg
2024-07-02 21:32:20,928 [FATAL] this is an emerge msg
2024-07-02 21:32:20,929 [FATAL] this is a fatal msg
2024-07-02 21:32:20,929 [ALERT] this is an alert msg
2024-07-02 21:32:20,929 [CRIT] this is a crit msg
2024-07-02 21:32:20,929 [ERROR] this is an error msg
2024-07-02 21:32:20,929 [FATAL] this is an emerge msg
2024-07-02 21:32:20,929 [FATAL] this is a fatal msg
2024-07-02 21:32:20,929 [ALERT] this is an alert msg
2024-07-02 21:32:20,929 [CRIT] this is a crit msg
2024-07-02 21:32:20,929 [ERROR] this is an error msg
2024-07-02 21:32:20,929 [FATAL] this is an emerge msg
2024-07-02 21:32:20,930 [FATAL] this is a fatal msg
2024-07-02 21:32:20,930 [ALERT] this is an alert msg
2024-07-02 21:32:20,930 [CRIT] this is a crit msg
2024-07-02 21:32:20,930 [ERROR] this is an error msg
2024-07-02 21:32:20,930 [FATAL] this is an emerge msg
2024-07-02 21:32:20,930 [FATAL] this is a fatal msg
2024-07-02 21:32:20,930 [ALERT] this is an alert msg
2024-07-02 21:32:20,930 [CRIT] this is a crit msg
2024-07-02 21:32:20,930 [ERROR] this is an error msg
2024-07-02 21:32:20,930 [FATAL] this is an emerge msg
2024-07-02 21:32:20,930 [FATAL] this is a fatal msg
2024-07-02 21:32:20,930 [ALERT] this is an alert msg
2024-07-02 21:32:20,931 [CRIT] this is a crit msg
2024-07-02 21:32:20,931 [ERROR] this is an error msg
2024-07-02 21:32:20,931 [FATAL] this is an emerge msg
2024-07-02 21:32:20,931 [FATAL] this is a fatal msg
2024-07-02 21:32:20,931 [ALERT] this is an alert msg
2024-07-02 21:32:20,931 [CRIT] this is a crit msg
2024-07-02 21:32:20,931 [ERROR] this is an error msg
2024-07-02 21:32:20,931 [FATAL] this is an emerge msg
2024-07-02 21:32:20,931 [FATAL] this is a fatal msg
2024-07-02 21:32:20,931 [ALERT] this is an alert msg
2024-07-02 21:32:20,932 [CRIT] this is a crit msg
2024-07-02 21:32:20,932 [ERROR] this is an error msg
2024-07-02 21:32:20,932 [FATAL] this is an emerge msg
2024-07-02 21:32:20,932 [FATAL] this is a fatal msg
2024-07-02 21:32:20,932 [ALERT] this is an alert msg
2024-07-02 21:32:20,932 [CRIT] this is a crit msg
2024-07-02 21:32:20,932 [ERROR] this is an error msg
2024-07-02 21:32:20,932 [FATAL] this is an emerge msg
2024-07-02 21:32:20,932 [FATAL] this is a fatal msg
2024-07-02 21:32:20,932 [ALERT] this is an alert msg
2024-07-02 21:32:20,932 [CRIT] this is a crit msg
2024-07-02 21:32:20,933 [ERROR] this is an error msg
2024-07-02 21:32:20,933 [FATAL] this is an emerge msg
2024-07-02 21:32:20,933 [FATAL] this is a fatal msg
2024-07-02 21:32:20,933 [ALERT] this is an alert msg
2024-07-02 21:32:20,933 [CRIT] this is a crit msg
2024-07-02 21:32:20,934 [ERROR] this is an error msg
2024-07-02 21:32:20,934 [FATAL] this is an emerge msg
2024-07-02 21:32:20,934 [FATAL] this is a fatal msg
2024-07-02 21:32:20,934 [ALERT] this is an alert msg
2024-07-02 21:32:20,934 [CRIT] this is a crit msg
2024-07-02 21:32:20,934 [ERROR] this is an error msg
2024-07-02 21:32:20,935 [FATAL] this is an emerge msg
2024-07-02 21:32:20,935 [FATAL] this is a fatal msg
2024-07-02 21:32:20,935 [ALERT] this is an alert msg
2024-07-02 21:32:20,935 [CRIT] this is a crit msg
2024-07-02 21:32:20,935 [ERROR] this is an error msg
2024-07-02 21:32:20,935 [FATAL] this is an emerge msg
2024-07-02 21:32:20,936 [FATAL] this is a fatal msg
2024-07-02 21:32:20,936 [ALERT] this is an alert msg
2024-07-02 21:32:20,936 [CRIT] this is a crit msg
2024-07-02 21:32:20,936 [ERROR] this is an error msg
2024-07-02 21:32:20,936 [FATAL] this is an emerge msg
2024-07-02 21:32:20,936 [FATAL] this is a fatal msg
2024-07-02 21:32:20,937 [ALERT] this is an alert msg
2024-07-02 21:32:20,937 [CRIT] this is a crit msg
2024-07-02 21:32:20,937 [ERROR] this is an error msg
2024-07-02 21:32:20,937 [FATAL] this is an emerge msg
2024-07-02 21:32:20,937 [FATAL] this is a fatal msg
2024-07-02 21:32:20,937 [ALERT] this is an alert msg
2024-07-02 21:32:20,938 [CRIT] this is a crit msg
2024-07-02 21:32:20,938 [ERROR] this is an error msg
2024-07-02 21:32:20,938 [FATAL] this is an emerge msg
2024-07-02 21:32:20,938 [FATAL] this is a fatal msg
2024-07-02 21:32:20,938 [ALERT] this is an alert msg
2024-07-02 21:32:20,938 [CRIT] this is a crit msg
2024-07-02 21:32:20,938 [ERROR] this is an error msg
2024-07-02 21:32:20,938 [FATAL] this is an emerge msg
2024-07-02 21:32:20,939 [FATAL] this is a fatal msg
2024-07-02 21:32:20,939 [ALERT] this is an alert msg
2024-07-02 21:32:20,939 [CRIT] this is a crit msg
2024-07-02 21:32:20,939 [ERROR] this is an error msg
2024-07-02 21:34:20,849 salesDepart [FATAL] this is an emerge msg
2024-07-02 21:34:20,850 salesDepart [FATAL] this is a fatal msg
2024-07-02 21:34:20,850 salesDepart [ALERT] this is an alert msg
2024-07-02 21:34:20,850 salesDepart [CRIT] this is a crit msg
2024-07-02 21:34:20,850 salesDepart [ERROR] this is an error msg
2024-07-02 21:34:20,850 salesDepart [FATAL] this is an emerge msg
2024-07-02 21:34:20,850 salesDepart [FATAL] this is a fatal msg
2024-07-02 21:34:20,851 salesDepart [ALERT] this is an alert msg
2024-07-02 21:34:20,851 salesDepart [CRIT] this is a crit msg
2024-07-02 21:34:20,851 salesDepart [ERROR] this is an error msg
2024-07-02 21:34:20,851 salesDepart [FATAL] this is an emerge msg
2024-07-02 21:34:20,860 salesDepart [FATAL] this is a fatal msg
2024-07-02 21:34:20,860 salesDepart [ALERT] this is an alert msg
2024-07-02 21:34:20,860 salesDepart [CRIT] this is a crit msg
2024-07-02 21:34:20,860 salesDepart [ERROR] this is an error msg
2024-07-02 21:34:20,860 salesDepart [FATAL] this is an emerge msg
2024-07-02 21:34:20,861 salesDepart [FATAL] this is a fatal msg
2024-07-02 21:34:20,861 salesDepart [ALERT] this is an alert msg
2024-07-02 21:34:20,861 salesDepart [CRIT] this is a crit msg
2024-07-02 21:34:20,861 salesDepart [ERROR] this is an error msg
2024-07-02 21:34:20,861 salesDepart [FATAL] this is an emerge msg
2024-07-02 21:34:20,861 salesDepart [FATAL] this is a fatal msg
2024-07-02 21:34:20,861 salesDepart [ALERT] this is an alert msg
2024-07-02 21:34:20,862 salesDepart [CRIT] this is a crit msg
2024-07-02 21:34:20,862 salesDepart [ERROR] this is an error msg
2024-07-02 21:34:20,862 salesDepart [FATAL] this is an emerge msg
2024-07-02 21:34:20,862 salesDepart [FATAL] this is a fatal msg
2024-07-02 21:34:20,862 salesDepart [ALERT] this is an alert msg
2024-07-02 21:34:20,862 salesDepart [CRIT] this is a crit msg
2024-07-02 21:34:20,862 salesDepart [ERROR] this is an error msg
2024-07-02 21:34:20,862 salesDepart [FATAL] this is an emerge msg
2024-07-02 21:34:20,863 salesDepart [FATAL] this is a fatal msg
2024-07-02 21:34:20,863 salesDepart [ALERT] this is an alert msg
2024-07-02 21:34:20,863 salesDepart [CRIT] this is a crit msg
2024-07-02 21:34:20,863 salesDepart [ERROR] this is an error msg
2024-07-02 21:34:20,863 salesDepart [FATAL] this is an emerge msg
2024-07-02 21:34:20,863 salesDepart [FATAL] this is a fatal msg
2024-07-02 21:34:20,863 salesDepart [ALERT] this is an alert msg
2024-07-02 21:34:20,864 salesDepart [CRIT] this is a crit msg
2024-07-02 21:34:20,864 salesDepart [ERROR] this is an error msg
2024-07-02 21:34:20,864 salesDepart [FATAL] this is an emerge msg
2024-07-02 21:34:20,864 salesDepart [FATAL] this is a fatal msg
2024-07-02 21:34:20,865 salesDepart [ALERT] this is an alert msg
2024-07-02 21:34:20,865 salesDepart [CRIT] this is a crit msg
2024-07-02 21:34:20,865 salesDepart [ERROR] this is an error msg
2024-07-02 21:34:20,865 salesDepart [FATAL] this is an emerge msg
2024-07-02 21:34:20,865 salesDepart [FATAL] this is a fatal msg
2024-07-02 21:34:20,865 salesDepart [ALERT] this is an alert msg
2024-07-02 21:34:20,865 salesDepart [CRIT] this is a crit msg
2024-07-02 21:34:20,866 salesDepart [ERROR] this is an error msg
2024-07-02 21:34:20,866 salesDepart [FATAL] this is an emerge msg
2024-07-02 21:34:20,866 salesDepart [FATAL] this is a fatal msg
2024-07-02 21:34:20,866 salesDepart [ALERT] this is an alert msg
2024-07-02 21:34:20,866 salesDepart [CRIT] this is a crit msg
2024-07-02 21:34:20,866 salesDepart [ERROR] this is an error msg
2024-07-02 21:34:20,866 salesDepart [FATAL] this is an emerge msg
2024-07-02 21:34:20,867 salesDepart [FATAL] this is a fatal msg
2024-07-02 21:34:20,867 salesDepart [ALERT] this is an alert msg
2024-07-02 21:34:20,867 salesDepart [CRIT] this is a crit msg
2024-07-02 21:34:20,867 salesDepart [ERROR] this is an error msg
2024-07-02 21:34:20,867 salesDepart [FATAL] this is an emerge msg
2024-07-02 21:34:20,867 salesDepart [FATAL] this is a fatal msg
2024-07-02 21:34:20,867 salesDepart [ALERT] this is an alert msg
2024-07-02 21:34:20,868 salesDepart [CRIT] this is a crit msg
2024-07-02 21:34:20,868 salesDepart [ERROR] this is an error msg
2024-07-02 21:34:20,868 salesDepart [FATAL] this is an emerge msg
2024-07-02 21:34:20,868 salesDepart [FATAL] this is a fatal msg
2024-07-02 21:34:20,868 salesDepart [ALERT] this is an alert msg
2024-07-02 21:34:20,868 salesDepart [CRIT] this is a crit msg
2024-07-02 21:34:20,868 salesDepart [ERROR] this is an error msg
2024-07-02 21:34:20,869 salesDepart [FATAL] this is an emerge msg
2024-07-02 21:34:20,869 salesDepart [FATAL] this is a fatal msg
2024-07-02 21:34:20,869 salesDepart [ALERT] this is an alert msg
2024-07-02 21:34:20,870 salesDepart [CRIT] this is a crit msg
2024-07-02 21:34:20,870 salesDepart [ERROR] this is an error msg
2024-07-02 21:34:20,870 salesDepart [FATAL] this is an emerge msg
2024-07-02 21:34:20,870 salesDepart [FATAL] this is a fatal msg
2024-07-02 21:34:20,870 salesDepart [ALERT] this is an alert msg
2024-07-02 21:34:20,870 salesDepart [CRIT] this is a crit msg
2024-07-02 21:34:20,870 salesDepart [ERROR] this is an error msg
2024-07-02 21:34:20,871 salesDepart [FATAL] this is an emerge msg
2024-07-02 21:34:20,871 salesDepart [FATAL] this is a fatal msg
2024-07-02 21:34:20,871 salesDepart [ALERT] this is an alert msg
2024-07-02 21:34:20,872 salesDepart [CRIT] this is a crit msg
2024-07-02 21:34:20,872 salesDepart [ERROR] this is an error msg
2024-07-02 21:34:20,872 salesDepart [FATAL] this is an emerge msg
2024-07-02 21:34:20,873 salesDepart [FATAL] this is a fatal msg
2024-07-02 21:34:20,873 salesDepart [ALERT] this is an alert msg
2024-07-02 21:34:20,873 salesDepart [CRIT] this is a crit msg
2024-07-02 21:34:20,873 salesDepart [ERROR] this is an error msg
2024-07-02 21:34:20,873 salesDepart [FATAL] this is an emerge msg
2024-07-02 21:34:20,873 salesDepart [FATAL] this is a fatal msg
2024-07-02 21:34:20,874 salesDepart [ALERT] this is an alert msg
2024-07-02 21:34:20,874 salesDepart [CRIT] this is a crit msg
2024-07-02 21:34:20,874 salesDepart [ERROR] this is an error msg
2024-07-02 21:34:20,874 salesDepart [FATAL] this is an emerge msg
2024-07-02 21:34:20,874 salesDepart [FATAL] this is a fatal msg
2024-07-02 21:34:20,875 salesDepart [ALERT] this is an alert msg
2024-07-02 21:34:20,875 salesDepart [CRIT] this is a crit msg
2024-07-02 21:34:20,875 salesDepart [ERROR] this is an error msg
2024-07-02 21:34:20,875 salesDepart [FATAL] this is an emerge msg
2024-07-02 21:34:20,875 salesDepart [FATAL] this is a fatal msg
2024-07-02 21:34:20,875 salesDepart [ALERT] this is an alert msg
2024-07-02 21:34:20,875 salesDepart [CRIT] this is a crit msg
2024-07-02 21:34:20,875 salesDepart [ERROR] this is an error msg
2024-07-02 21:34:20,876 salesDepart [FATAL] this is an emerge msg
2024-07-02 21:34:20,876 salesDepart [FATAL] this is a fatal msg
2024-07-02 21:34:20,876 salesDepart [ALERT] this is an alert msg
2024-07-02 21:34:20,876 salesDepart [CRIT] this is a crit msg
2024-07-02 21:34:20,876 salesDepart [ERROR] this is an error msg
2024-07-02 21:34:20,876 salesDepart [FATAL] this is an emerge msg
2024-07-02 21:34:20,876 salesDepart [FATAL] this is a fatal msg
2024-07-02 21:34:20,877 salesDepart [ALERT] this is an alert msg
2024-07-02 21:34:20,877 salesDepart [CRIT] this is a crit msg
2024-07-02 21:34:20,877 salesDepart [ERROR] this is an error msg
2024-07-02 21:34:20,877 salesDepart [FATAL] this is an emerge msg
2024-07-02 21:34:20,877 salesDepart [FATAL] this is a fatal msg
2024-07-02 21:34:20,877 salesDepart [ALERT] this is an alert msg
2024-07-02 21:34:20,878 salesDepart [CRIT] this is a crit msg
2024-07-02 21:34:20,878 salesDepart [ERROR] this is an error msg
2024-07-02 21:34:20,878 salesDepart [FATAL] this is an emerge msg
2024-07-02 21:34:20,878 salesDepart [FATAL] this is a fatal msg
2024-07-02 21:34:20,878 salesDepart [ALERT] this is an alert msg
2024-07-02 21:34:20,878 salesDepart [CRIT] this is a crit msg
2024-07-02 21:34:20,878 salesDepart [ERROR] this is an error msg
2024-07-02 21:34:20,879 salesDepart [FATAL] this is an emerge msg
2024-07-02 21:34:20,879 salesDepart [FATAL] this is a fatal msg
2024-07-02 21:34:20,879 salesDepart [ALERT] this is an alert msg
2024-07-02 21:34:20,879 salesDepart [CRIT] this is a crit msg
2024-07-02 21:34:20,879 salesDepart [ERROR] this is an error msg
2024-07-02 21:34:20,879 salesDepart [FATAL] this is an emerge msg
2024-07-02 21:34:20,879 salesDepart [FATAL] this is a fatal msg
2024-07-02 21:34:20,880 salesDepart [ALERT] this is an alert msg
2024-07-02 21:34:20,880 salesDepart [CRIT] this is a crit msg
2024-07-02 21:34:20,880 salesDepart [ERROR] this is an error msg
2024-07-02 21:34:20,880 salesDepart [FATAL] this is an emerge msg
2024-07-02 21:34:20,880 salesDepart [FATAL] this is a fatal msg
2024-07-02 21:34:20,880 salesDepart [ALERT] this is an alert msg
2024-07-02 21:34:20,881 salesDepart [CRIT] this is a crit msg
2024-07-02 21:34:20,881 salesDepart [ERROR] this is an error msg
2024-07-02 21:34:20,881 salesDepart [FATAL] this is an emerge msg
2024-07-02 21:34:20,881 salesDepart [FATAL] this is a fatal msg
2024-07-02 21:34:20,881 salesDepart [ALERT] this is an alert msg
2024-07-02 21:34:20,881 salesDepart [CRIT] this is a crit msg
2024-07-02 21:34:20,881 salesDepart [ERROR] this is an error msg
2024-07-02 21:34:20,881 salesDepart [FATAL] this is an emerge msg
2024-07-02 21:34:20,882 salesDepart [FATAL] this is a fatal msg
2024-07-02 21:34:20,882 salesDepart [ALERT] this is an alert msg
2024-07-02 21:34:20,882 salesDepart [CRIT] this is a crit msg
2024-07-02 21:34:20,882 salesDepart [ERROR] this is an error msg
2024-07-02 21:34:20,882 salesDepart [FATAL] this is an emerge msg
2024-07-02 21:34:20,882 salesDepart [FATAL] this is a fatal msg
2024-07-02 21:34:20,882 salesDepart [ALERT] this is an alert msg
2024-07-02 21:34:20,882 salesDepart [CRIT] this is a crit msg
2024-07-02 21:34:20,883 salesDepart [ERROR] this is an error msg
2024-07-02 21:34:20,883 salesDepart [FATAL] this is an emerge msg
2024-07-02 21:34:20,883 salesDepart [FATAL] this is a fatal msg
2024-07-02 21:34:20,883 salesDepart [ALERT] this is an alert msg
2024-07-02 21:34:20,883 salesDepart [CRIT] this is a crit msg
2024-07-02 21:34:20,883 salesDepart [ERROR] this is an error msg
2024-07-02 21:34:20,883 salesDepart [FATAL] this is an emerge msg
2024-07-02 21:34:20,884 salesDepart [FATAL] this is a fatal msg
2024-07-02 21:34:20,884 salesDepart [ALERT] this is an alert msg
2024-07-02 21:34:20,884 salesDepart [CRIT] this is a crit msg
2024-07-02 21:34:20,884 salesDepart [ERROR] this is an error msg
2024-07-02 21:34:20,884 salesDepart [FATAL] this is an emerge msg
2024-07-02 21:34:20,884 salesDepart [FATAL] this is a fatal msg
2024-07-02 21:34:20,884 salesDepart [ALERT] this is an alert msg
2024-07-02 21:34:20,885 salesDepart [CRIT] this is a crit msg
2024-07-02 21:34:20,885 salesDepart [ERROR] this is an error msg
2024-07-02 21:34:20,885 salesDepart [FATAL] this is an emerge msg
2024-07-02 21:34:20,885 salesDepart [FATAL] this is a fatal msg
2024-07-02 21:34:20,885 salesDepart [ALERT] this is an alert msg
2024-07-02 21:34:20,885 salesDepart [CRIT] this is a crit msg
2024-07-02 21:34:20,885 salesDepart [ERROR] this is an error msg
2024-07-02 21:34:20,885 salesDepart [FATAL] this is an emerge msg
2024-07-02 21:34:20,886 salesDepart [FATAL] this is a fatal msg
2024-07-02 21:34:20,886 salesDepart [ALERT] this is an alert msg
2024-07-02 21:34:20,886 salesDepart [CRIT] this is a crit msg
2024-07-02 21:34:20,886 salesDepart [ERROR] this is an error msg
2024-07-02 21:34:20,886 salesDepart [FATAL] this is an emerge msg
2024-07-02 21:34:20,886 salesDepart [FATAL] this is a fatal msg
2024-07-02 21:34:20,886 salesDepart [ALERT] this is an alert msg
2024-07-02 21:34:20,887 salesDepart [CRIT] this is a crit msg
2024-07-02 21:34:20,887 salesDepart [ERROR] this is an error msg
2024-07-02 21:34:20,887 salesDepart [FATAL] this is an emerge msg
2024-07-02 21:34:20,887 salesDepart [FATAL] this is a fatal msg
2024-07-02 21:34:20,888 salesDepart [ALERT] this is an alert msg
2024-07-02 21:34:20,888 salesDepart [CRIT] this is a crit msg
2024-07-02 21:34:20,888 salesDepart [ERROR] this is an error msg
2024-07-02 21:34:20,889 salesDepart [FATAL] this is an emerge msg
2024-07-02 21:34:20,889 salesDepart [FATAL] this is a fatal msg
2024-07-02 21:34:20,889 salesDepart [ALERT] this is an alert msg
2024-07-02 21:34:20,889 salesDepart [CRIT] this is a crit msg
2024-07-02 21:34:20,889 salesDepart [ERROR] this is an error msg
2024-07-02 21:34:20,890 salesDepart [FATAL] this is an emerge msg
2024-07-02 21:34:20,890 salesDepart [FATAL] this is a fatal msg
2024-07-02 21:34:20,890 salesDepart [ALERT] this is an alert msg
2024-07-02 21:34:20,890 salesDepart [CRIT] this is a crit msg
2024-07-02 21:34:20,890 salesDepart [ERROR] this is an error msg
2024-07-02 21:34:20,891 salesDepart [FATAL] this is an emerge msg
2024-07-02 21:34:20,891 salesDepart [FATAL] this is a fatal msg
2024-07-02 21:34:20,891 salesDepart [ALERT] this is an alert msg
2024-07-02 21:34:20,891 salesDepart [CRIT] this is a crit msg
2024-07-02 21:34:20,891 salesDepart [ERROR] this is an error msg
2024-07-02 21:34:20,892 salesDepart [FATAL] this is an emerge msg
2024-07-02 21:34:20,892 salesDepart [FATAL] this is a fatal msg
2024-07-02 21:34:20,892 salesDepart [ALERT] this is an alert msg
2024-07-02 21:34:20,892 salesDepart [CRIT] this is a crit msg
2024-07-02 21:34:20,892 salesDepart [ERROR] this is an error msg
2024-07-02 21:34:20,893 salesDepart [FATAL] this is an emerge msg
2024-07-02 21:34:20,893 salesDepart [FATAL] this is a fatal msg
2024-07-02 21:34:20,893 salesDepart [ALERT] this is an alert msg
2024-07-02 21:34:20,894 salesDepart [CRIT] this is a crit msg
2024-07-02 21:34:20,894 salesDepart [ERROR] this is an error msg
2024-07-02 21:34:20,894 salesDepart [FATAL] this is an emerge msg
2024-07-02 21:34:20,894 salesDepart [FATAL] this is a fatal msg
2024-07-02 21:34:20,894 salesDepart [ALERT] this is an alert msg
2024-07-02 21:34:20,895 salesDepart [CRIT] this is a crit msg
2024-07-02 21:34:20,895 salesDepart [ERROR] this is an error msg
2024-07-02 21:34:20,895 salesDepart [FATAL] this is an emerge msg
2024-07-02 21:34:20,895 salesDepart [FATAL] this is a fatal msg
2024-07-02 21:34:20,895 salesDepart [ALERT] this is an alert msg
2024-07-02 21:34:20,896 salesDepart [CRIT] this is a crit msg
2024-07-02 21:34:20,896 salesDepart [ERROR] this is an error msg
2024-07-02 21:34:20,896 salesDepart [FATAL] this is an emerge msg
2024-07-02 21:34:20,896 salesDepart [FATAL] this is a fatal msg
2024-07-02 21:34:20,896 salesDepart [ALERT] this is an alert msg
2024-07-02 21:34:20,896 salesDepart [CRIT] this is a crit msg
2024-07-02 21:34:20,896 salesDepart [ERROR] this is an error msg
2024-07-02 21:34:20,897 salesDepart [FATAL] this is an emerge msg
2024-07-02 21:34:20,897 salesDepart [FATAL] this is a fatal msg
2024-07-02 21:34:20,897 salesDepart [ALERT] this is an alert msg
2024-07-02 21:34:20,897 salesDepart [CRIT] this is a crit msg
2024-07-02 21:34:20,897 salesDepart [ERROR] this is an error msg
2024-07-02 21:34:20,897 salesDepart [FATAL] this is an emerge msg
2024-07-02 21:34:20,897 salesDepart [FATAL] this is a fatal msg
2024-07-02 21:34:20,898 salesDepart [ALERT] this is an alert msg
2024-07-02 21:34:20,898 salesDepart [CRIT] this is a crit msg
2024-07-02 21:34:20,898 salesDepart [ERROR] this is an error msg
2024-07-02 21:34:20,898 salesDepart [FATAL] this is an emerge msg
2024-07-02 21:34:20,898 salesDepart [FATAL] this is a fatal msg
2024-07-02 21:34:20,898 salesDepart [ALERT] this is an alert msg
2024-07-02 21:34:20,899 salesDepart [CRIT] this is a crit msg
2024-07-02 21:34:20,899 salesDepart [ERROR] this is an error msg
2024-07-02 21:34:20,899 salesDepart [FATAL] this is an emerge msg
2024-07-02 21:34:20,899 salesDepart [FATAL] this is a fatal msg
2024-07-02 21:34:20,899 salesDepart [ALERT] this is an alert msg
2024-07-02 21:34:20,900 salesDepart [CRIT] this is a crit msg
2024-07-02 21:34:20,900 salesDepart [ERROR] this is an error msg
2024-07-02 21:34:20,900 salesDepart [FATAL] this is an emerge msg
2024-07-02 21:34:20,900 salesDepart [FATAL] this is a fatal msg
2024-07-02 21:34:20,900 salesDepart [ALERT] this is an alert msg
2024-07-02 21:34:20,901 salesDepart [CRIT] this is a crit msg
2024-07-02 21:34:20,901 salesDepart [ERROR] this is an error msg
2024-07-02 21:34:20,901 salesDepart [FATAL] this is an emerge msg
2024-07-02 21:34:20,901 salesDepart [FATAL] this is a fatal msg
2024-07-02 21:34:20,901 salesDepart [ALERT] this is an alert msg
2024-07-02 21:34:20,901 salesDepart [CRIT] this is a crit msg
2024-07-02 21:34:20,901 salesDepart [ERROR] this is an error msg
2024-07-02 21:34:20,902 salesDepart [FATAL] this is an emerge msg
2024-07-02 21:34:20,902 salesDepart [FATAL] this is a fatal msg
2024-07-02 21:34:20,902 salesDepart [ALERT] this is an alert msg
2024-07-02 21:34:20,902 salesDepart [CRIT] this is a crit msg
2024-07-02 21:34:20,902 salesDepart [ERROR] this is an error msg
2024-07-02 21:34:20,902 salesDepart [FATAL] this is an emerge msg
2024-07-02 21:34:20,902 salesDepart [FATAL] this is a fatal msg
2024-07-02 21:34:20,903 salesDepart [ALERT] this is an alert msg
2024-07-02 21:34:20,903 salesDepart [CRIT] this is a crit msg
2024-07-02 21:34:20,903 salesDepart [ERROR] this is an error msg
2024-07-02 21:34:20,903 salesDepart [FATAL] this is an emerge msg
2024-07-02 21:34:20,903 salesDepart [FATAL] this is a fatal msg
2024-07-02 21:34:20,903 salesDepart [ALERT] this is an alert msg
2024-07-02 21:34:20,904 salesDepart [CRIT] this is a crit msg
2024-07-02 21:34:20,904 salesDepart [ERROR] this is an error msg
2024-07-02 21:34:20,904 salesDepart [FATAL] this is an emerge msg
2024-07-02 21:34:20,904 salesDepart [FATAL] this is a fatal msg
2024-07-02 21:34:20,905 salesDepart [ALERT] this is an alert msg
2024-07-02 21:34:20,905 salesDepart [CRIT] this is a crit msg
2024-07-02 21:34:20,905 salesDepart [ERROR] this is an error msg
2024-07-02 21:34:20,905 salesDepart [FATAL] this is an emerge msg
2024-07-02 21:34:20,906 salesDepart [FATAL] this is a fatal msg
2024-07-02 21:34:20,906 salesDepart [ALERT] this is an alert msg
2024-07-02 21:34:20,906 salesDepart [CRIT] this is a crit msg
2024-07-02 21:34:20,906 salesDepart [ERROR] this is an error msg
2024-07-02 21:34:20,906 salesDepart [FATAL] this is an emerge msg
2024-07-02 21:34:20,907 salesDepart [FATAL] this is a fatal msg
2024-07-02 21:34:20,907 salesDepart [ALERT] this is an alert msg
2024-07-02 21:34:20,907 salesDepart [CRIT] this is a crit msg
2024-07-02 21:34:20,907 salesDepart [ERROR] this is an error msg
2024-07-02 21:34:20,907 salesDepart [FATAL] this is an emerge msg
2024-07-02 21:34:20,907 salesDepart [FATAL] this is a fatal msg
2024-07-02 21:34:20,907 salesDepart [ALERT] this is an alert msg
2024-07-02 21:34:20,908 salesDepart [CRIT] this is a crit msg
2024-07-02 21:34:20,908 salesDepart [ERROR] this is an error msg
2024-07-02 21:34:20,908 salesDepart [FATAL] this is an emerge msg
2024-07-02 21:34:20,908 salesDepart [FATAL] this is a fatal msg
2024-07-02 21:34:20,908 salesDepart [ALERT] this is an alert msg
2024-07-02 21:34:20,908 salesDepart [CRIT] this is a crit msg
2024-07-02 21:34:20,908 salesDepart [ERROR] this is an error msg
2024-07-02 21:34:20,909 salesDepart [FATAL] this is an emerge msg
2024-07-02 21:34:20,909 salesDepart [FATAL] this is a fatal msg
2024-07-02 21:34:20,909 salesDepart [ALERT] this is an alert msg
2024-07-02 21:34:20,909 salesDepart [CRIT] this is a crit msg
2024-07-02 21:34:20,909 salesDepart [ERROR] this is an error msg
2024-07-02 21:34:20,909 salesDepart [FATAL] this is an emerge msg
2024-07-02 21:34:20,910 salesDepart [FATAL] this is a fatal msg
2024-07-02 21:34:20,910 salesDepart [ALERT] this is an alert msg
2024-07-02 21:34:20,910 salesDepart [CRIT] this is a crit msg
2024-07-02 21:34:20,910 salesDepart [ERROR] this is an error msg
2024-07-02 21:34:20,910 salesDepart [FATAL] this is an emerge msg
2024-07-02 21:34:20,910 salesDepart [FATAL] this is a fatal msg
2024-07-02 21:34:20,911 salesDepart [ALERT] this is an alert msg
2024-07-02 21:34:20,911 salesDepart [CRIT] this is a crit msg
2024-07-02 21:34:20,911 salesDepart [ERROR] this is an error msg
2024-07-02 21:34:20,911 salesDepart [FATAL] this is an emerge msg
2024-07-02 21:34:20,911 salesDepart [FATAL] this is a fatal msg
2024-07-02 21:34:20,911 salesDepart [ALERT] this is an alert msg
2024-07-02 21:34:20,911 salesDepart [CRIT] this is a crit msg
2024-07-02 21:34:20,911 salesDepart [ERROR] this is an error msg
2024-07-02 21:34:20,912 salesDepart [FATAL] this is an emerge msg
2024-07-02 21:34:20,912 salesDepart [FATAL] this is a fatal msg
2024-07-02 21:34:20,912 salesDepart [ALERT] this is an alert msg
2024-07-02 21:34:20,912 salesDepart [CRIT] this is a crit msg
2024-07-02 21:34:20,912 salesDepart [ERROR] this is an error msg
2024-07-02 21:34:20,913 salesDepart [FATAL] this is an emerge msg
2024-07-02 21:34:20,913 salesDepart [FATAL] this is a fatal msg
2024-07-02 21:34:20,913 salesDepart [ALERT] this is an alert msg
2024-07-02 21:34:20,913 salesDepart [CRIT] this is a crit msg
2024-07-02 21:34:20,913 salesDepart [ERROR] this is an error msg
2024-07-02 21:34:20,913 salesDepart [FATAL] this is an emerge msg
2024-07-02 21:34:20,914 salesDepart [FATAL] this is a fatal msg
2024-07-02 21:34:20,914 salesDepart [ALERT] this is an alert msg
2024-07-02 21:34:20,914 salesDepart [CRIT] this is a crit msg
2024-07-02 21:34:20,914 salesDepart [ERROR] this is an error msg
2024-07-02 21:34:20,914 salesDepart [FATAL] this is an emerge msg
2024-07-02 21:34:20,914 salesDepart [FATAL] this is a fatal msg
2024-07-02 21:34:20,914 salesDepart [ALERT] this is an alert msg
2024-07-02 21:34:20,915 salesDepart [CRIT] this is a crit msg
2024-07-02 21:34:20,915 salesDepart [ERROR] this is an error msg
2024-07-02 21:34:20,915 salesDepart [FATAL] this is an emerge msg
2024-07-02 21:34:20,915 salesDepart [FATAL] this is a fatal msg
2024-07-02 21:34:20,915 salesDepart [ALERT] this is an alert msg
2024-07-02 21:34:20,915 salesDepart [CRIT] this is a crit msg
2024-07-02 21:34:20,915 salesDepart [ERROR] this is an error msg
2024-07-02 21:34:20,916 salesDepart [FATAL] this is an emerge msg
2024-07-02 21:34:20,916 salesDepart [FATAL] this is a fatal msg
2024-07-02 21:34:20,916 salesDepart [ALERT] this is an alert msg
2024-07-02 21:34:20,916 salesDepart [CRIT] this is a crit msg
2024-07-02 21:34:20,916 salesDepart [ERROR] this is an error msg
2024-07-02 21:34:20,916 salesDepart [FATAL] this is an emerge msg
2024-07-02 21:34:20,916 salesDepart [FATAL] this is a fatal msg
2024-07-02 21:34:20,917 salesDepart [ALERT] this is an alert msg
2024-07-02 21:34:20,917 salesDepart [CRIT] this is a crit msg
2024-07-02 21:34:20,917 salesDepart [ERROR] this is an error msg
2024-07-02 21:34:20,917 salesDepart [FATAL] this is an emerge msg
2024-07-02 21:34:20,917 salesDepart [FATAL] this is a fatal msg
2024-07-02 21:34:20,917 salesDepart [ALERT] this is an alert msg
2024-07-02 21:34:20,917 salesDepart [CRIT] this is a crit msg
2024-07-02 21:34:20,917 salesDepart [ERROR] this is an error msg
2024-07-02 21:34:20,918 salesDepart [FATAL] this is an emerge msg
2024-07-02 21:34:20,918 salesDepart [FATAL] this is a fatal msg
2024-07-02 21:34:20,918 salesDepart [ALERT] this is an alert msg
2024-07-02 21:34:20,919 salesDepart [CRIT] this is a crit msg
2024-07-02 21:34:20,919 salesDepart [ERROR] this is an error msg
2024-07-02 21:34:20,919 salesDepart [FATAL] this is an emerge msg
2024-07-02 21:34:20,919 salesDepart [FATAL] this is a fatal msg
2024-07-02 21:34:20,919 salesDepart [ALERT] this is an alert msg
2024-07-02 21:34:20,919 salesDepart [CRIT] this is a crit msg
2024-07-02 21:34:20,919 salesDepart [ERROR] this is an error msg
2024-07-02 21:34:20,920 salesDepart [FATAL] this is an emerge msg
2024-07-02 21:34:20,920 salesDepart [FATAL] this is a fatal msg
2024-07-02 21:34:20,920 salesDepart [ALERT] this is an alert msg
2024-07-02 21:34:20,920 salesDepart [CRIT] this is a crit msg
2024-07-02 21:34:20,920 salesDepart [ERROR] this is an error msg
2024-07-02 21:34:20,920 salesDepart [FATAL] this is an emerge msg
2024-07-02 21:34:20,921 salesDepart [FATAL] this is a fatal msg
2024-07-02 21:34:20,921 salesDepart [ALERT] this is an alert msg
2024-07-02 21:34:20,921 salesDepart [CRIT] this is a crit msg
2024-07-02 21:34:20,922 salesDepart [ERROR] this is an error msg
2024-07-02 21:34:20,922 salesDepart [FATAL] this is an emerge msg
2024-07-02 21:34:20,922 salesDepart [FATAL] this is a fatal msg
2024-07-02 21:34:20,922 salesDepart [ALERT] this is an alert msg
2024-07-02 21:34:20,923 salesDepart [CRIT] this is a crit msg
2024-07-02 21:34:20,923 salesDepart [ERROR] this is an error msg
2024-07-02 21:34:20,923 salesDepart [FATAL] this is an emerge msg
2024-07-02 21:34:20,923 salesDepart [FATAL] this is a fatal msg
2024-07-02 21:34:20,923 salesDepart [ALERT] this is an alert msg
2024-07-02 21:34:20,924 salesDepart [CRIT] this is a crit msg
2024-07-02 21:34:20,924 salesDepart [ERROR] this is an error msg
2024-07-02 21:34:20,924 salesDepart [FATAL] this is an emerge msg
2024-07-02 21:34:20,924 salesDepart [FATAL] this is a fatal msg
2024-07-02 21:34:20,924 salesDepart [ALERT] this is an alert msg
2024-07-02 21:34:20,925 salesDepart [CRIT] this is a crit msg
2024-07-02 21:34:20,925 salesDepart [ERROR] this is an error msg
2024-07-02 21:34:20,925 salesDepart [FATAL] this is an emerge msg
2024-07-02 21:34:20,925 salesDepart [FATAL] this is a fatal msg
2024-07-02 21:34:20,925 salesDepart [ALERT] this is an alert msg
2024-07-02 21:34:20,926 salesDepart [CRIT] this is a crit msg
2024-07-02 21:34:20,926 salesDepart [ERROR] this is an error msg
2024-07-02 21:34:20,926 salesDepart [FATAL] this is an emerge msg
2024-07-02 21:34:20,926 salesDepart [FATAL] this is a fatal msg
2024-07-02 21:34:20,926 salesDepart [ALERT] this is an alert msg
2024-07-02 21:34:20,926 salesDepart [CRIT] this is a crit msg
2024-07-02 21:34:20,926 salesDepart [ERROR] this is an error msg
2024-07-02 21:34:20,926 salesDepart [FATAL] this is an emerge msg
2024-07-02 21:34:20,927 salesDepart [FATAL] this is a fatal msg
2024-07-02 21:34:20,927 salesDepart [ALERT] this is an alert msg
2024-07-02 21:34:20,927 salesDepart [CRIT] this is a crit msg
2024-07-02 21:34:20,927 salesDepart [ERROR] this is an error msg
2024-07-02 21:34:20,927 salesDepart [FATAL] this is an emerge msg
2024-07-02 21:34:20,928 salesDepart [FATAL] this is a fatal msg
2024-07-02 21:34:20,928 salesDepart [ALERT] this is an alert msg
2024-07-02 21:34:20,928 salesDepart [CRIT] this is a crit msg
2024-07-02 21:34:20,928 salesDepart [ERROR] this is an error msg
2024-07-02 21:34:20,928 salesDepart [FATAL] this is an emerge msg
2024-07-02 21:34:20,928 salesDepart [FATAL] this is a fatal msg
2024-07-02 21:34:20,929 salesDepart [ALERT] this is an alert msg
2024-07-02 21:34:20,929 salesDepart [CRIT] this is a crit msg
2024-07-02 21:34:20,929 salesDepart [ERROR] this is an error msg
2024-07-02 21:34:20,929 salesDepart [FATAL] this is an emerge msg
2024-07-02 21:34:20,929 salesDepart [FATAL] this is a fatal msg
2024-07-02 21:34:20,930 salesDepart [ALERT] this is an alert msg
2024-07-02 21:34:20,930 salesDepart [CRIT] this is a crit msg
2024-07-02 21:34:20,930 salesDepart [ERROR] this is an error msg
2024-07-02 21:34:20,930 salesDepart [FATAL] this is an emerge msg
2024-07-02 21:34:20,930 salesDepart [FATAL] this is a fatal msg
2024-07-02 21:34:20,930 salesDepart [ALERT] this is an alert msg
2024-07-02 21:34:20,931 salesDepart [CRIT] this is a crit msg
2024-07-02 21:34:20,931 salesDepart [ERROR] this is an error msg
2024-07-02 21:34:20,931 salesDepart [FATAL] this is an emerge msg
2024-07-02 21:34:20,931 salesDepart [FATAL] this is a fatal msg
2024-07-02 21:34:20,931 salesDepart [ALERT] this is an alert msg
2024-07-02 21:34:20,931 salesDepart [CRIT] this is a crit msg
2024-07-02 21:34:20,931 salesDepart [ERROR] this is an error msg
2024-07-02 21:34:20,932 salesDepart [FATAL] this is an emerge msg
2024-07-02 21:34:20,932 salesDepart [FATAL] this is a fatal msg
2024-07-02 21:34:20,932 salesDepart [ALERT] this is an alert msg
2024-07-02 21:34:20,932 salesDepart [CRIT] this is a crit msg
2024-07-02 21:34:20,932 salesDepart [ERROR] this is an error msg
2024-07-02 21:34:20,932 salesDepart [FATAL] this is an emerge msg
2024-07-02 21:34:20,932 salesDepart [FATAL] this is a fatal msg
2024-07-02 21:34:20,933 salesDepart [ALERT] this is an alert msg
2024-07-02 21:34:20,933 salesDepart [CRIT] this is a crit msg
2024-07-02 21:34:20,933 salesDepart [ERROR] this is an error msg
2024-07-02 21:34:20,933 salesDepart [FATAL] this is an emerge msg
2024-07-02 21:34:20,934 salesDepart [FATAL] this is a fatal msg
2024-07-02 21:34:20,934 salesDepart [ALERT] this is an alert msg
2024-07-02 21:34:20,934 salesDepart [CRIT] this is a crit msg
2024-07-02 21:34:20,934 salesDepart [ERROR] this is an error msg
2024-07-02 21:34:20,934 salesDepart [FATAL] this is an emerge msg
2024-07-02 21:34:20,934 salesDepart [FATAL] this is a fatal msg
2024-07-02 21:34:20,934 salesDepart [ALERT] this is an alert msg
2024-07-02 21:34:20,935 salesDepart [CRIT] this is a crit msg
2024-07-02 21:34:20,935 salesDepart [ERROR] this is an error msg
2024-07-02 21:34:20,935 salesDepart [FATAL] this is an emerge msg
2024-07-02 21:34:20,935 salesDepart [FATAL] this is a fatal msg
2024-07-02 21:34:20,935 salesDepart [ALERT] this is an alert msg
2024-07-02 21:34:20,935 salesDepart [CRIT] this is a crit msg
2024-07-02 21:34:20,935 salesDepart [ERROR] this is an error msg
2024-07-02 21:34:20,936 salesDepart [FATAL] this is an emerge msg
2024-07-02 21:34:20,936 salesDepart [FATAL] this is a fatal msg
2024-07-02 21:34:20,936 salesDepart [ALERT] this is an alert msg
2024-07-02 21:34:20,936 salesDepart [CRIT] this is a crit msg
2024-07-02 21:34:20,936 salesDepart [ERROR] this is an error msg
2024-07-02 21:34:20,937 salesDepart [FATAL] this is an emerge msg
2024-07-02 21:34:20,937 salesDepart [FATAL] this is a fatal msg
2024-07-02 21:34:20,937 salesDepart [ALERT] this is an alert msg
2024-07-02 21:34:20,938 salesDepart [CRIT] this is a crit msg
2024-07-02 21:34:20,938 salesDepart [ERROR] this is an error msg
2024-07-02 21:34:20,938 salesDepart [FATAL] this is an emerge msg
2024-07-02 21:34:20,938 salesDepart [FATAL] this is a fatal msg
2024-07-02 21:34:20,938 salesDepart [ALERT] this is an alert msg
2024-07-02 21:34:20,938 salesDepart [CRIT] this is a crit msg
2024-07-02 21:34:20,938 salesDepart [ERROR] this is an error msg
2024-07-02 21:34:20,939 salesDepart [FATAL] this is an emerge msg
2024-07-02 21:34:20,939 salesDepart [FATAL] this is a fatal msg
2024-07-02 21:34:20,939 salesDepart [ALERT] this is an alert msg
2024-07-02 21:34:20,939 salesDepart [CRIT] this is a crit msg
2024-07-02 21:34:20,939 salesDepart [ERROR] this is an error msg
2024-07-02 21:34:20,939 salesDepart [FATAL] this is an emerge msg
2024-07-02 21:34:20,940 salesDepart [FATAL] this is a fatal msg
2024-07-02 21:34:20,940 salesDepart [ALERT] this is an alert msg
2024-07-02 21:34:20,940 salesDepart [CRIT] this is a crit msg
2024-07-02 21:34:20,940 salesDepart [ERROR] this is an error msg
2024-07-02 21:34:20,940 salesDepart [FATAL] this is an emerge msg
2024-07-02 21:34:20,940 salesDepart [FATAL] this is a fatal msg
2024-07-02 21:34:20,940 salesDepart [ALERT] this is an alert msg
2024-07-02 21:34:20,941 salesDepart [CRIT] this is a crit msg
2024-07-02 21:34:20,941 salesDepart [ERROR] this is an error msg
2024-07-02 21:34:20,941 salesDepart [FATAL] this is an emerge msg
2024-07-02 21:34:20,941 salesDepart [FATAL] this is a fatal msg
2024-07-02 21:34:20,941 salesDepart [ALERT] this is an alert msg
2024-07-02 21:34:20,942 salesDepart [CRIT] this is a crit msg
2024-07-02 21:34:20,942 salesDepart [ERROR] this is an error msg
2024-07-02 21:34:20,942 salesDepart [FATAL] this is an emerge msg
2024-07-02 21:34:20,942 salesDepart [FATAL] this is a fatal msg
2024-07-02 21:34:20,942 salesDepart [ALERT] this is an alert msg
2024-07-02 21:34:20,942 salesDepart [CRIT] this is a crit msg
2024-07-02 21:34:20,942 salesDepart [ERROR] this is an error msg
2024-07-02 21:35:30,655 looe [FATAL] this is an emerge msg
2024-07-02 21:35:30,655 looe [FATAL] this is a fatal msg
2024-07-02 21:35:30,655 looe [ALERT] this is an alert msg
2024-07-02 21:35:30,655 looe [CRIT] this is a crit msg
2024-07-02 21:35:30,655 looe [ERROR] this is an error msg
2024-07-02 21:35:30,655 looe [FATAL] this is an emerge msg
2024-07-02 21:35:30,655 looe [FATAL] this is a fatal msg
2024-07-02 21:35:30,655 looe [ALERT] this is an alert msg
2024-07-02 21:35:30,656 looe [CRIT] this is a crit msg
2024-07-02 21:35:30,656 looe [ERROR] this is an error msg
2024-07-02 21:35:30,656 looe [FATAL] this is an emerge msg
2024-07-02 21:35:30,656 looe [FATAL] this is a fatal msg
2024-07-02 21:35:30,656 looe [ALERT] this is an alert msg
2024-07-02 21:35:30,656 looe [CRIT] this is a crit msg
2024-07-02 21:35:30,656 looe [ERROR] this is an error msg
2024-07-02 21:35:30,656 looe [FATAL] this is an emerge msg
2024-07-02 21:35:30,656 looe [FATAL] this is a fatal msg
2024-07-02 21:35:30,657 looe [ALERT] this is an alert msg
2024-07-02 21:35:30,657 looe [CRIT] this is a crit msg
2024-07-02 21:35:30,657 looe [ERROR] this is an error msg
2024-07-02 21:35:30,657 looe [FATAL] this is an emerge msg
2024-07-02 21:35:30,657 looe [FATAL] this is a fatal msg
2024-07-02 21:35:30,657 looe [ALERT] this is an alert msg
2024-07-02 21:35:30,657 looe [CRIT] this is a crit msg
2024-07-02 21:35:30,657 looe [ERROR] this is an error msg
2024-07-02 21:35:30,657 looe [FATAL] this is an emerge msg
2024-07-02 21:35:30,658 looe [FATAL] this is a fatal msg
2024-07-02 21:35:30,658 looe [ALERT] this is an alert msg
2024-07-02 21:35:30,658 looe [CRIT] this is a crit msg
2024-07-02 21:35:30,658 looe [ERROR] this is an error msg
2024-07-02 21:35:30,658 looe [FATAL] this is an emerge msg
2024-07-02 21:35:30,658 looe [FATAL] this is a fatal msg
2024-07-02 21:35:30,658 looe [ALERT] this is an alert msg
2024-07-02 21:35:30,658 looe [CRIT] this is a crit msg
2024-07-02 21:35:30,658 looe [ERROR] this is an error msg
2024-07-02 21:35:30,658 looe [FATAL] this is an emerge msg
2024-07-02 21:35:30,659 looe [FATAL] this is a fatal msg
2024-07-02 21:35:30,659 looe [ALERT] this is an alert msg
2024-07-02 21:35:30,659 looe [CRIT] this is a crit msg
2024-07-02 21:35:30,659 looe [ERROR] this is an error msg
2024-07-02 21:35:30,659 looe [FATAL] this is an emerge msg
2024-07-02 21:35:30,659 looe [FATAL] this is a fatal msg
2024-07-02 21:35:30,659 looe [ALERT] this is an alert msg
2024-07-02 21:35:30,659 looe [CRIT] this is a crit msg
2024-07-02 21:35:30,659 looe [ERROR] this is an error msg
2024-07-02 21:35:30,659 looe [FATAL] this is an emerge msg
2024-07-02 21:35:30,660 looe [FATAL] this is a fatal msg
2024-07-02 21:35:30,660 looe [ALERT] this is an alert msg
2024-07-02 21:35:30,660 looe [CRIT] this is a crit msg
2024-07-02 21:35:30,660 looe [ERROR] this is an error msg
2024-07-02 21:35:30,660 looe [FATAL] this is an emerge msg
2024-07-02 21:35:30,660 looe [FATAL] this is a fatal msg
2024-07-02 21:35:30,660 looe [ALERT] this is an alert msg
2024-07-02 21:35:30,660 looe [CRIT] this is a crit msg
2024-07-02 21:35:30,660 looe [ERROR] this is an error msg
2024-07-02 21:35:30,660 looe [FATAL] this is an emerge msg
2024-07-02 21:35:30,661 looe [FATAL] this is a fatal msg
2024-07-02 21:35:30,661 looe [ALERT] this is an alert msg
2024-07-02 21:35:30,661 looe [CRIT] this is a crit msg
2024-07-02 21:35:30,661 looe [ERROR] this is an error msg
2024-07-02 21:35:30,661 looe [FATAL] this is an emerge msg
2024-07-02 21:35:30,661 looe [FATAL] this is a fatal msg
2024-07-02 21:35:30,669 looe [ALERT] this is an alert msg
2024-07-02 21:35:30,669 looe [CRIT] this is a crit msg
2024-07-02 21:35:30,670 looe [ERROR] this is an error msg
2024-07-02 21:35:30,670 looe [FATAL] this is an emerge msg
2024-07-02 21:35:30,670 looe [FATAL] this is a fatal msg
2024-07-02 21:35:30,670 looe [ALERT] this is an alert msg
2024-07-02 21:35:30,670 looe [CRIT] this is a crit msg
2024-07-02 21:35:30,670 looe [ERROR] this is an error msg
2024-07-02 21:35:30,670 looe [FATAL] this is an emerge msg
2024-07-02 21:35:30,670 looe [FATAL] this is a fatal msg
2024-07-02 21:35:30,671 looe [ALERT] this is an alert msg
2024-07-02 21:35:30,671 looe [CRIT] this is a crit msg
2024-07-02 21:35:30,671 looe [ERROR] this is an error msg
2024-07-02 21:35:30,671 looe [FATAL] this is an emerge msg
2024-07-02 21:35:30,671 looe [FATAL] this is a fatal msg
2024-07-02 21:35:30,671 looe [ALERT] this is an alert msg
2024-07-02 21:35:30,671 looe [CRIT] this is a crit msg
2024-07-02 21:35:30,671 looe [ERROR] this is an error msg
2024-07-02 21:35:30,671 looe [FATAL] this is an emerge msg
2024-07-02 21:35:30,671 looe [FATAL] this is a fatal msg
2024-07-02 21:35:30,672 looe [ALERT] this is an alert msg
2024-07-02 21:35:30,672 looe [CRIT] this is a crit msg
2024-07-02 21:35:30,672 looe [ERROR] this is an error msg
2024-07-02 21:35:30,672 looe [FATAL] this is an emerge msg
2024-07-02 21:35:30,672 looe [FATAL] this is a fatal msg
2024-07-02 21:35:30,672 looe [ALERT] this is an alert msg
2024-07-02 21:35:30,672 looe [CRIT] this is a crit msg
2024-07-02 21:35:30,672 looe [ERROR] this is an error msg
2024-07-02 21:35:30,672 looe [FATAL] this is an emerge msg
2024-07-02 21:35:30,672 looe [FATAL] this is a fatal msg
2024-07-02 21:35:30,673 looe [ALERT] this is an alert msg
2024-07-02 21:35:30,673 looe [CRIT] this is a crit msg
2024-07-02 21:35:30,673 looe [ERROR] this is an error msg
2024-07-02 21:35:30,673 looe [FATAL] this is an emerge msg
2024-07-02 21:35:30,673 looe [FATAL] this is a fatal msg
2024-07-02 21:35:30,674 looe [ALERT] this is an alert msg
2024-07-02 21:35:30,674 looe [CRIT] this is a crit msg
2024-07-02 21:35:30,674 looe [ERROR] this is an error msg
2024-07-02 21:35:30,674 looe [FATAL] this is an emerge msg
2024-07-02 21:35:30,674 looe [FATAL] this is a fatal msg
2024-07-02 21:35:30,675 looe [ALERT] this is an alert msg
2024-07-02 21:35:30,675 looe [CRIT] this is a crit msg
2024-07-02 21:35:30,675 looe [ERROR] this is an error msg
2024-07-02 21:35:30,675 looe [FATAL] this is an emerge msg
2024-07-02 21:35:30,675 looe [FATAL] this is a fatal msg
2024-07-02 21:35:30,676 looe [ALERT] this is an alert msg
2024-07-02 21:35:30,676 looe [CRIT] this is a crit msg
2024-07-02 21:35:30,676 looe [ERROR] this is an error msg
2024-07-02 21:35:30,676 looe [FATAL] this is an emerge msg
2024-07-02 21:35:30,676 looe [FATAL] this is a fatal msg
2024-07-02 21:35:30,676 looe [ALERT] this is an alert msg
2024-07-02 21:35:30,676 looe [CRIT] this is a crit msg
2024-07-02 21:35:30,676 looe [ERROR] this is an error msg
2024-07-02 21:35:30,676 looe [FATAL] this is an emerge msg
2024-07-02 21:35:30,677 looe [FATAL] this is a fatal msg
2024-07-02 21:35:30,677 looe [ALERT] this is an alert msg
2024-07-02 21:35:30,677 looe [CRIT] this is a crit msg
2024-07-02 21:35:30,677 looe [ERROR] this is an error msg
2024-07-02 21:35:30,677 looe [FATAL] this is an emerge msg
2024-07-02 21:35:30,677 looe [FATAL] this is a fatal msg
2024-07-02 21:35:30,677 looe [ALERT] this is an alert msg
2024-07-02 21:35:30,677 looe [CRIT] this is a crit msg
2024-07-02 21:35:30,677 looe [ERROR] this is an error msg
2024-07-02 21:35:30,677 looe [FATAL] this is an emerge msg
2024-07-02 21:35:30,677 looe [FATAL] this is a fatal msg
2024-07-02 21:35:30,678 looe [ALERT] this is an alert msg
2024-07-02 21:35:30,678 looe [CRIT] this is a crit msg
2024-07-02 21:35:30,678 looe [ERROR] this is an error msg
2024-07-02 21:35:30,678 looe [FATAL] this is an emerge msg
2024-07-02 21:35:30,678 looe [FATAL] this is a fatal msg
2024-07-02 21:35:30,678 looe [ALERT] this is an alert msg
2024-07-02 21:35:30,678 looe [CRIT] this is a crit msg
2024-07-02 21:35:30,678 looe [ERROR] this is an error msg
2024-07-02 21:35:30,678 looe [FATAL] this is an emerge msg
2024-07-02 21:35:30,679 looe [FATAL] this is a fatal msg
2024-07-02 21:35:30,679 looe [ALERT] this is an alert msg
2024-07-02 21:35:30,679 looe [CRIT] this is a crit msg
2024-07-02 21:35:30,679 looe [ERROR] this is an error msg
2024-07-02 21:35:30,679 looe [FATAL] this is an emerge msg
2024-07-02 21:35:30,679 looe [FATAL] this is a fatal msg
2024-07-02 21:35:30,679 looe [ALERT] this is an alert msg
2024-07-02 21:35:30,679 looe [CRIT] this is a crit msg
2024-07-02 21:35:30,680 looe [ERROR] this is an error msg
2024-07-02 21:35:30,680 looe [FATAL] this is an emerge msg
2024-07-02 21:35:30,680 looe [FATAL] this is a fatal msg
2024-07-02 21:35:30,680 looe [ALERT] this is an alert msg
2024-07-02 21:35:30,680 looe [CRIT] this is a crit msg
2024-07-02 21:35:30,680 looe [ERROR] this is an error msg
2024-07-02 21:35:30,680 looe [FATAL] this is an emerge msg
2024-07-02 21:35:30,680 looe [FATAL] this is a fatal msg
2024-07-02 21:35:30,680 looe [ALERT] this is an alert msg
2024-07-02 21:35:30,680 looe [CRIT] this is a crit msg
2024-07-02 21:35:30,680 looe [ERROR] this is an error msg
2024-07-02 21:35:30,681 looe [FATAL] this is an emerge msg
2024-07-02 21:35:30,681 looe [FATAL] this is a fatal msg
2024-07-02 21:35:30,681 looe [ALERT] this is an alert msg
2024-07-02 21:35:30,681 looe [CRIT] this is a crit msg
2024-07-02 21:35:30,681 looe [ERROR] this is an error msg
2024-07-02 21:35:30,681 looe [FATAL] this is an emerge msg
2024-07-02 21:35:30,681 looe [FATAL] this is a fatal msg
2024-07-02 21:35:30,681 looe [ALERT] this is an alert msg
2024-07-02 21:35:30,681 looe [CRIT] this is a crit msg
2024-07-02 21:35:30,681 looe [ERROR] this is an error msg
2024-07-02 21:35:30,681 looe [FATAL] this is an emerge msg
2024-07-02 21:35:30,682 looe [FATAL] this is a fatal msg
2024-07-02 21:35:30,682 looe [ALERT] this is an alert msg
2024-07-02 21:35:30,682 looe [CRIT] this is a crit msg
2024-07-02 21:35:30,682 looe [ERROR] this is an error msg
2024-07-02 21:35:30,682 looe [FATAL] this is an emerge msg
2024-07-02 21:35:30,682 looe [FATAL] this is a fatal msg
2024-07-02 21:35:30,682 looe [ALERT] this is an alert msg
2024-07-02 21:35:30,682 looe [CRIT] this is a crit msg
2024-07-02 21:35:30,682 looe [ERROR] this is an error msg
2024-07-02 21:35:30,682 looe [FATAL] this is an emerge msg
2024-07-02 21:35:30,682 looe [FATAL] this is a fatal msg
2024-07-02 21:35:30,682 looe [ALERT] this is an alert msg
2024-07-02 21:35:30,683 looe [CRIT] this is a crit msg
2024-07-02 21:35:30,683 looe [ERROR] this is an error msg
2024-07-02 21:35:30,683 looe [FATAL] this is an emerge msg
2024-07-02 21:35:30,683 looe [FATAL] this is a fatal msg
2024-07-02 21:35:30,683 looe [ALERT] this is an alert msg
2024-07-02 21:35:30,683 looe [CRIT] this is a crit msg
2024-07-02 21:35:30,684 looe [ERROR] this is an error msg
2024-07-02 21:35:30,684 looe [FATAL] this is an emerge msg
2024-07-02 21:35:30,684 looe [FATAL] this is a fatal msg
2024-07-02 21:35:30,684 looe [ALERT] this is an alert msg
2024-07-02 21:35:30,684 looe [CRIT] this is a crit msg
2024-07-02 21:35:30,684 looe [ERROR] this is an error msg
2024-07-02 21:35:30,684 looe [FATAL] this is an emerge msg
2024-07-02 21:35:30,685 looe [FATAL] this is a fatal msg
2024-07-02 21:35:30,685 looe [ALERT] this is an alert msg
2024-07-02 21:35:30,685 looe [CRIT] this is a crit msg
2024-07-02 21:35:30,685 looe [ERROR] this is an error msg
2024-07-02 21:35:30,685 looe [FATAL] this is an emerge msg
2024-07-02 21:35:30,685 looe [FATAL] this is a fatal msg
2024-07-02 21:35:30,685 looe [ALERT] this is an alert msg
2024-07-02 21:35:30,685 looe [CRIT] this is a crit msg
2024-07-02 21:35:30,685 looe [ERROR] this is an error msg
2024-07-02 21:35:30,685 looe [FATAL] this is an emerge msg
2024-07-02 21:35:30,685 looe [FATAL] this is a fatal msg
2024-07-02 21:35:30,686 looe [ALERT] this is an alert msg
2024-07-02 21:35:30,686 looe [CRIT] this is a crit msg
2024-07-02 21:35:30,686 looe [ERROR] this is an error msg
2024-07-02 21:35:30,686 looe [FATAL] this is an emerge msg
2024-07-02 21:35:30,686 looe [FATAL] this is a fatal msg
2024-07-02 21:35:30,686 looe [ALERT] this is an alert msg
2024-07-02 21:35:30,686 looe [CRIT] this is a crit msg
2024-07-02 21:35:30,687 looe [ERROR] this is an error msg
2024-07-02 21:35:30,687 looe [FATAL] this is an emerge msg
2024-07-02 21:35:30,687 looe [FATAL] this is a fatal msg
2024-07-02 21:35:30,687 looe [ALERT] this is an alert msg
2024-07-02 21:35:30,687 looe [CRIT] this is a crit msg
2024-07-02 21:35:30,687 looe [ERROR] this is an error msg
2024-07-02 21:35:30,687 looe [FATAL] this is an emerge msg
2024-07-02 21:35:30,687 looe [FATAL] this is a fatal msg
2024-07-02 21:35:30,687 looe [ALERT] this is an alert msg
2024-07-02 21:35:30,688 looe [CRIT] this is a crit msg
2024-07-02 21:35:30,688 looe [ERROR] this is an error msg
2024-07-02 21:35:30,688 looe [FATAL] this is an emerge msg
2024-07-02 21:35:30,688 looe [FATAL] this is a fatal msg
2024-07-02 21:35:30,688 looe [ALERT] this is an alert msg
2024-07-02 21:35:30,688 looe [CRIT] this is a crit msg
2024-07-02 21:35:30,688 looe [ERROR] this is an error msg
2024-07-02 21:35:30,688 looe [FATAL] this is an emerge msg
2024-07-02 21:35:30,688 looe [FATAL] this is a fatal msg
2024-07-02 21:35:30,688 looe [ALERT] this is an alert msg
2024-07-02 21:35:30,689 looe [CRIT] this is a crit msg
2024-07-02 21:35:30,689 looe [ERROR] this is an error msg
2024-07-02 21:35:30,689 looe [FATAL] this is an emerge msg
2024-07-02 21:35:30,689 looe [FATAL] this is a fatal msg
2024-07-02 21:35:30,689 looe [ALERT] this is an alert msg
2024-07-02 21:35:30,689 looe [CRIT] this is a crit msg
2024-07-02 21:35:30,689 looe [ERROR] this is an error msg
2024-07-02 21:35:30,689 looe [FATAL] this is an emerge msg
2024-07-02 21:35:30,689 looe [FATAL] this is a fatal msg
2024-07-02 21:35:30,689 looe [ALERT] this is an alert msg
2024-07-02 21:35:30,689 looe [CRIT] this is a crit msg
2024-07-02 21:35:30,689 looe [ERROR] this is an error msg
2024-07-02 21:35:30,690 looe [FATAL] this is an emerge msg
2024-07-02 21:35:30,690 looe [FATAL] this is a fatal msg
2024-07-02 21:35:30,690 looe [ALERT] this is an alert msg
2024-07-02 21:35:30,690 looe [CRIT] this is a crit msg
2024-07-02 21:35:30,690 looe [ERROR] this is an error msg
2024-07-02 21:35:30,690 looe [FATAL] this is an emerge msg
2024-07-02 21:35:30,691 looe [FATAL] this is a fatal msg
2024-07-02 21:35:30,691 looe [ALERT] this is an alert msg
2024-07-02 21:35:30,691 looe [CRIT] this is a crit msg
2024-07-02 21:35:30,691 looe [ERROR] this is an error msg
2024-07-02 21:35:30,691 looe [FATAL] this is an emerge msg
2024-07-02 21:35:30,691 looe [FATAL] this is a fatal msg
2024-07-02 21:35:30,691 looe [ALERT] this is an alert msg
2024-07-02 21:35:30,691 looe [CRIT] this is a crit msg
2024-07-02 21:35:30,692 looe [ERROR] this is an error msg
2024-07-02 21:35:30,692 looe [FATAL] this is an emerge msg
2024-07-02 21:35:30,692 looe [FATAL] this is a fatal msg
2024-07-02 21:35:30,692 looe [ALERT] this is an alert msg
2024-07-02 21:35:30,692 looe [CRIT] this is a crit msg
2024-07-02 21:35:30,692 looe [ERROR] this is an error msg
2024-07-02 21:35:30,692 looe [FATAL] this is an emerge msg
2024-07-02 21:35:30,692 looe [FATAL] this is a fatal msg
2024-07-02 21:35:30,692 looe [ALERT] this is an alert msg
2024-07-02 21:35:30,692 looe [CRIT] this is a crit msg
2024-07-02 21:35:30,692 looe [ERROR] this is an error msg
2024-07-02 21:35:30,692 looe [FATAL] this is an emerge msg
2024-07-02 21:35:30,693 looe [FATAL] this is a fatal msg
2024-07-02 21:35:30,693 looe [ALERT] this is an alert msg
2024-07-02 21:35:30,693 looe [CRIT] this is a crit msg
2024-07-02 21:35:30,693 looe [ERROR] this is an error msg
2024-07-02 21:35:30,693 looe [FATAL] this is an emerge msg
2024-07-02 21:35:30,693 looe [FATAL] this is a fatal msg
2024-07-02 21:35:30,693 looe [ALERT] this is an alert msg
2024-07-02 21:35:30,693 looe [CRIT] this is a crit msg
2024-07-02 21:35:30,693 looe [ERROR] this is an error msg
2024-07-02 21:35:30,693 looe [FATAL] this is an emerge msg
2024-07-02 21:35:30,694 looe [FATAL] this is a fatal msg
2024-07-02 21:35:30,694 looe [ALERT] this is an alert msg
2024-07-02 21:35:30,694 looe [CRIT] this is a crit msg
2024-07-02 21:35:30,694 looe [ERROR] this is an error msg
2024-07-02 21:35:30,694 looe [FATAL] this is an emerge msg
2024-07-02 21:35:30,694 looe [FATAL] this is a fatal msg
2024-07-02 21:35:30,694 looe [ALERT] this is an alert msg
2024-07-02 21:35:30,694 looe [CRIT] this is a crit msg
2024-07-02 21:35:30,694 looe [ERROR] this is an error msg
2024-07-02 21:35:30,694 looe [FATAL] this is an emerge msg
2024-07-02 21:35:30,695 looe [FATAL] this is a fatal msg
2024-07-02 21:35:30,695 looe [ALERT] this is an alert msg
2024-07-02 21:35:30,695 looe [CRIT] this is a crit msg
2024-07-02 21:35:30,695 looe [ERROR] this is an error msg
2024-07-02 21:35:30,695 looe [FATAL] this is an emerge msg
2024-07-02 21:35:30,695 looe [FATAL] this is a fatal msg
2024-07-02 21:35:30,695 looe [ALERT] this is an alert msg
2024-07-02 21:35:30,695 looe [CRIT] this is a crit msg
2024-07-02 21:35:30,695 looe [ERROR] this is an error msg
2024-07-02 21:35:30,695 looe [FATAL] this is an emerge msg
2024-07-02 21:35:30,696 looe [FATAL] this is a fatal msg
2024-07-02 21:35:30,696 looe [ALERT] this is an alert msg
2024-07-02 21:35:30,696 looe [CRIT] this is a crit msg
2024-07-02 21:35:30,696 looe [ERROR] this is an error msg
2024-07-02 21:35:30,696 looe [FATAL] this is an emerge msg
2024-07-02 21:35:30,696 looe [FATAL] this is a fatal msg
2024-07-02 21:35:30,696 looe [ALERT] this is an alert msg
2024-07-02 21:35:30,696 looe [CRIT] this is a crit msg
2024-07-02 21:35:30,696 looe [ERROR] this is an error msg
2024-07-02 21:35:30,696 looe [FATAL] this is an emerge msg
2024-07-02 21:35:30,697 looe [FATAL] this is a fatal msg
2024-07-02 21:35:30,697 looe [ALERT] this is an alert msg
2024-07-02 21:35:30,697 looe [CRIT] this is a crit msg
2024-07-02 21:35:30,697 looe [ERROR] this is an error msg
2024-07-02 21:35:30,697 looe [FATAL] this is an emerge msg
2024-07-02 21:35:30,697 looe [FATAL] this is a fatal msg
2024-07-02 21:35:30,697 looe [ALERT] this is an alert msg
2024-07-02 21:35:30,697 looe [CRIT] this is a crit msg
2024-07-02 21:35:30,697 looe [ERROR] this is an error msg
2024-07-02 21:35:30,697 looe [FATAL] this is an emerge msg
2024-07-02 21:35:30,698 looe [FATAL] this is a fatal msg
2024-07-02 21:35:30,698 looe [ALERT] this is an alert msg
2024-07-02 21:35:30,698 looe [CRIT] this is a crit msg
2024-07-02 21:35:30,698 looe [ERROR] this is an error msg
2024-07-02 21:35:30,698 looe [FATAL] this is an emerge msg
2024-07-02 21:35:30,698 looe [FATAL] this is a fatal msg
2024-07-02 21:35:30,698 looe [ALERT] this is an alert msg
2024-07-02 21:35:30,698 looe [CRIT] this is a crit msg
2024-07-02 21:35:30,699 looe [ERROR] this is an error msg
2024-07-02 21:35:30,699 looe [FATAL] this is an emerge msg
2024-07-02 21:35:30,699 looe [FATAL] this is a fatal msg
2024-07-02 21:35:30,699 looe [ALERT] this is an alert msg
2024-07-02 21:35:30,699 looe [CRIT] this is a crit msg
2024-07-02 21:35:30,699 looe [ERROR] this is an error msg
2024-07-02 21:35:30,699 looe [FATAL] this is an emerge msg
2024-07-02 21:35:30,699 looe [FATAL] this is a fatal msg
2024-07-02 21:35:30,699 looe [ALERT] this is an alert msg
2024-07-02 21:35:30,699 looe [CRIT] this is a crit msg
2024-07-02 21:35:30,699 looe [ERROR] this is an error msg
2024-07-02 21:35:30,700 looe [FATAL] this is an emerge msg
2024-07-02 21:35:30,700 looe [FATAL] this is a fatal msg
2024-07-02 21:35:30,700 looe [ALERT] this is an alert msg
2024-07-02 21:35:30,700 looe [CRIT] this is a crit msg
2024-07-02 21:35:30,700 looe [ERROR] this is an error msg
2024-07-02 21:35:30,700 looe [FATAL] this is an emerge msg
2024-07-02 21:35:30,700 looe [FATAL] this is a fatal msg
2024-07-02 21:35:30,701 looe [ALERT] this is an alert msg
2024-07-02 21:35:30,701 looe [CRIT] this is a crit msg
2024-07-02 21:35:30,701 looe [ERROR] this is an error msg
2024-07-02 21:35:30,701 looe [FATAL] this is an emerge msg
2024-07-02 21:35:30,701 looe [FATAL] this is a fatal msg
2024-07-02 21:35:30,701 looe [ALERT] this is an alert msg
2024-07-02 21:35:30,702 looe [CRIT] this is a crit msg
2024-07-02 21:35:30,702 looe [ERROR] this is an error msg
2024-07-02 21:35:30,702 looe [FATAL] this is an emerge msg
2024-07-02 21:35:30,702 looe [FATAL] this is a fatal msg
2024-07-02 21:35:30,702 looe [ALERT] this is an alert msg
2024-07-02 21:35:30,702 looe [CRIT] this is a crit msg
2024-07-02 21:35:30,702 looe [ERROR] this is an error msg
2024-07-02 21:35:30,702 looe [FATAL] this is an emerge msg
2024-07-02 21:35:30,702 looe [FATAL] this is a fatal msg
2024-07-02 21:35:30,702 looe [ALERT] this is an alert msg
2024-07-02 21:35:30,702 looe [CRIT] this is a crit msg
2024-07-02 21:35:30,702 looe [ERROR] this is an error msg
2024-07-02 21:35:30,703 looe [FATAL] this is an emerge msg
2024-07-02 21:35:30,703 looe [FATAL] this is a fatal msg
2024-07-02 21:35:30,703 looe [ALERT] this is an alert msg
2024-07-02 21:35:30,703 looe [CRIT] this is a crit msg
2024-07-02 21:35:30,703 looe [ERROR] this is an error msg
2024-07-02 21:35:30,703 looe [FATAL] this is an emerge msg
2024-07-02 21:35:30,703 looe [FATAL] this is a fatal msg
2024-07-02 21:35:30,703 looe [ALERT] this is an alert msg
2024-07-02 21:35:30,703 looe [CRIT] this is a crit msg
2024-07-02 21:35:30,703 looe [ERROR] this is an error msg
2024-07-02 21:35:30,703 looe [FATAL] this is an emerge msg
2024-07-02 21:35:30,703 looe [FATAL] this is a fatal msg
2024-07-02 21:35:30,703 looe [ALERT] this is an alert msg
2024-07-02 21:35:30,703 looe [CRIT] this is a crit msg
2024-07-02 21:35:30,704 looe [ERROR] this is an error msg
2024-07-02 21:35:30,704 looe [FATAL] this is an emerge msg
2024-07-02 21:35:30,704 looe [FATAL] this is a fatal msg
2024-07-02 21:35:30,704 looe [ALERT] this is an alert msg
2024-07-02 21:35:30,704 looe [CRIT] this is a crit msg
2024-07-02 21:35:30,704 looe [ERROR] this is an error msg
2024-07-02 21:35:30,704 looe [FATAL] this is an emerge msg
2024-07-02 21:35:30,704 looe [FATAL] this is a fatal msg
2024-07-02 21:35:30,704 looe [ALERT] this is an alert msg
2024-07-02 21:35:30,705 looe [CRIT] this is a crit msg
2024-07-02 21:35:30,705 looe [ERROR] this is an error msg
2024-07-02 21:35:30,705 looe [FATAL] this is an emerge msg
2024-07-02 21:35:30,705 looe [FATAL] this is a fatal msg
2024-07-02 21:35:30,705 looe [ALERT] this is an alert msg
2024-07-02 21:35:30,705 looe [CRIT] this is a crit msg
2024-07-02 21:35:30,705 looe [ERROR] this is an error msg
2024-07-02 21:35:30,706 looe [FATAL] this is an emerge msg
2024-07-02 21:35:30,706 looe [FATAL] this is a fatal msg
2024-07-02 21:35:30,706 looe [ALERT] this is an alert msg
2024-07-02 21:35:30,706 looe [CRIT] this is a crit msg
2024-07-02 21:35:30,706 looe [ERROR] this is an error msg
2024-07-02 21:35:30,706 looe [FATAL] this is an emerge msg
2024-07-02 21:35:30,706 looe [FATAL] this is a fatal msg
2024-07-02 21:35:30,706 looe [ALERT] this is an alert msg
2024-07-02 21:35:30,706 looe [CRIT] this is a crit msg
2024-07-02 21:35:30,706 looe [ERROR] this is an error msg
2024-07-02 21:35:30,707 looe [FATAL] this is an emerge msg
2024-07-02 21:35:30,707 looe [FATAL] this is a fatal msg
2024-07-02 21:35:30,707 looe [ALERT] this is an alert msg
2024-07-02 21:35:30,707 looe [CRIT] this is a crit msg
2024-07-02 21:35:30,707 looe [ERROR] this is an error msg
2024-07-02 21:35:30,707 looe [FATAL] this is an emerge msg
2024-07-02 21:35:30,707 looe [FATAL] this is a fatal msg
2024-07-02 21:35:30,707 looe [ALERT] this is an alert msg
2024-07-02 21:35:30,708 looe [CRIT] this is a crit msg
2024-07-02 21:35:30,708 looe [ERROR] this is an error msg
2024-07-02 21:35:30,708 looe [FATAL] this is an emerge msg
2024-07-02 21:35:30,708 looe [FATAL] this is a fatal msg
2024-07-02 21:35:30,708 looe [ALERT] this is an alert msg
2024-07-02 21:35:30,708 looe [CRIT] this is a crit msg
2024-07-02 21:35:30,708 looe [ERROR] this is an error msg
2024-07-02 21:35:30,708 looe [FATAL] this is an emerge msg
2024-07-02 21:35:30,708 looe [FATAL] this is a fatal msg
2024-07-02 21:35:30,708 looe [ALERT] this is an alert msg
2024-07-02 21:35:30,709 looe [CRIT] this is a crit msg
2024-07-02 21:35:30,709 looe [ERROR] this is an error msg
2024-07-02 21:35:30,709 looe [FATAL] this is an emerge msg
2024-07-02 21:35:30,709 looe [FATAL] this is a fatal msg
2024-07-02 21:35:30,709 looe [ALERT] this is an alert msg
2024-07-02 21:35:30,709 looe [CRIT] this is a crit msg
2024-07-02 21:35:30,709 looe [ERROR] this is an error msg
2024-07-02 21:35:30,709 looe [FATAL] this is an emerge msg
2024-07-02 21:35:30,709 looe [FATAL] this is a fatal msg
2024-07-02 21:35:30,709 looe [ALERT] this is an alert msg
2024-07-02 21:35:30,709 looe [CRIT] this is a crit msg
2024-07-02 21:35:30,709 looe [ERROR] this is an error msg
2024-07-02 21:35:30,710 looe [FATAL] this is an emerge msg
2024-07-02 21:35:30,710 looe [FATAL] this is a fatal msg
2024-07-02 21:35:30,710 looe [ALERT] this is an alert msg
2024-07-02 21:35:30,710 looe [CRIT] this is a crit msg
2024-07-02 21:35:30,710 looe [ERROR] this is an error msg
2024-07-02 21:35:30,710 looe [FATAL] this is an emerge msg
2024-07-02 21:35:30,710 looe [FATAL] this is a fatal msg
2024-07-02 21:35:30,710 looe [ALERT] this is an alert msg
2024-07-02 21:35:30,710 looe [CRIT] this is a crit msg
2024-07-02 21:35:30,710 looe [ERROR] this is an error msg
2024-07-02 21:35:30,711 looe [FATAL] this is an emerge msg
2024-07-02 21:35:30,711 looe [FATAL] this is a fatal msg
2024-07-02 21:35:30,711 looe [ALERT] this is an alert msg
2024-07-02 21:35:30,711 looe [CRIT] this is a crit msg
2024-07-02 21:35:30,711 looe [ERROR] this is an error msg
2024-07-02 21:35:30,711 looe [FATAL] this is an emerge msg
2024-07-02 21:35:30,711 looe [FATAL] this is a fatal msg
2024-07-02 21:35:30,711 looe [ALERT] this is an alert msg
2024-07-02 21:35:30,711 looe [CRIT] this is a crit msg
2024-07-02 21:35:30,711 looe [ERROR] this is an error msg
2024-07-02 21:35:30,711 looe [FATAL] this is an emerge msg
2024-07-02 21:35:30,711 looe [FATAL] this is a fatal msg
2024-07-02 21:35:30,712 looe [ALERT] this is an alert msg
2024-07-02 21:35:30,712 looe [CRIT] this is a crit msg
2024-07-02 21:35:30,712 looe [ERROR] this is an error msg
2024-07-02 21:35:30,712 looe [FATAL] this is an emerge msg
2024-07-02 21:35:30,712 looe [FATAL] this is a fatal msg
2024-07-02 21:35:30,712 looe [ALERT] this is an alert msg
2024-07-02 21:35:30,713 looe [CRIT] this is a crit msg
2024-07-02 21:35:30,713 looe [ERROR] this is an error msg
2024-07-02 21:35:30,713 looe [FATAL] this is an emerge msg
2024-07-02 21:35:30,713 looe [FATAL] this is a fatal msg
2024-07-02 21:35:30,713 looe [ALERT] this is an alert msg
2024-07-02 21:35:30,713 looe [CRIT] this is a crit msg
2024-07-02 21:35:30,713 looe [ERROR] this is an error msg
2024-07-02 21:35:30,713 looe [FATAL] this is an emerge msg
2024-07-02 21:35:30,713 looe [FATAL] this is a fatal msg
2024-07-02 21:35:30,713 looe [ALERT] this is an alert msg
2024-07-02 21:35:30,714 looe [CRIT] this is a crit msg
2024-07-02 21:35:30,714 looe [ERROR] this is an error msg
2024-07-02 21:35:30,714 looe [FATAL] this is an emerge msg
2024-07-02 21:35:30,714 looe [FATAL] this is a fatal msg
2024-07-02 21:35:30,714 looe [ALERT] this is an alert msg
2024-07-02 21:35:30,714 looe [CRIT] this is a crit msg
2024-07-02 21:35:30,714 looe [ERROR] this is an error msg
2024-07-02 21:35:30,714 looe [FATAL] this is an emerge msg
2024-07-02 21:35:30,715 looe [FATAL] this is a fatal msg
2024-07-02 21:35:30,715 looe [ALERT] this is an alert msg
2024-07-02 21:35:30,715 looe [CRIT] this is a crit msg
2024-07-02 21:35:30,715 looe [ERROR] this is an error msg
2024-07-02 21:35:30,715 looe [FATAL] this is an emerge msg
2024-07-02 21:35:30,715 looe [FATAL] this is a fatal msg
2024-07-02 21:35:30,715 looe [ALERT] this is an alert msg
2024-07-02 21:35:30,715 looe [CRIT] this is a crit msg
2024-07-02 21:35:30,716 looe [ERROR] this is an error msg
2024-07-02 21:35:30,716 looe [FATAL] this is an emerge msg
2024-07-02 21:35:30,716 looe [FATAL] this is a fatal msg
2024-07-02 21:35:30,716 looe [ALERT] this is an alert msg
2024-07-02 21:35:30,716 looe [CRIT] this is a crit msg
2024-07-02 21:35:30,716 looe [ERROR] this is an error msg
2024-07-02 21:35:30,716 looe [FATAL] this is an emerge msg
2024-07-02 21:35:30,716 looe [FATAL] this is a fatal msg
2024-07-02 21:35:30,717 looe [ALERT] this is an alert msg
2024-07-02 21:35:30,717 looe [CRIT] this is a crit msg
2024-07-02 21:35:30,717 looe [ERROR] this is an error msg
2024-07-02 21:35:30,717 looe [FATAL] this is an emerge msg
2024-07-02 21:35:30,717 looe [FATAL] this is a fatal msg
2024-07-02 21:35:30,717 looe [ALERT] this is an alert msg
2024-07-02 21:35:30,717 looe [CRIT] this is a crit msg
2024-07-02 21:35:30,717 looe [ERROR] this is an error msg
